{"/home/travis/build/npmtest/node-npmtest-date.js/test.js":{"path":"/home/travis/build/npmtest/node-npmtest-date.js/test.js","s":{"1":2,"2":2,"3":2,"4":2,"5":2,"6":2,"7":2,"8":1,"9":2,"10":2,"11":1,"12":1,"13":1,"14":1,"15":2,"16":2,"17":2,"18":2,"19":1,"20":1,"21":2,"22":2,"23":2,"24":1,"25":1,"26":1,"27":1,"28":1,"29":1,"30":1,"31":1,"32":1,"33":1,"34":1,"35":1,"36":1,"37":1,"38":1,"39":2,"40":2,"41":1,"42":2,"43":2,"44":1,"45":2,"46":2,"47":1,"48":2,"49":2,"50":1,"51":1,"52":1,"53":1,"54":1},"b":{"1":[2,1,1,1],"2":[1,1,1,1],"3":[1,1],"4":[1,1],"5":[1,1],"6":[1,1],"7":[1,1],"8":[1,1],"9":[1,1],"10":[1,1,1],"11":[1,1],"12":[1,1],"13":[1,1],"14":[1,1],"15":[1,1],"16":[1,1],"17":[1,1]},"f":{"1":2,"2":2,"3":2,"4":2,"5":2,"6":1,"7":1,"8":1,"9":2,"10":2,"11":2,"12":2,"13":1},"fnMap":{"1":{"name":"(anonymous_1)","line":12,"loc":{"start":{"line":12,"column":1},"end":{"line":12,"column":13}}},"2":{"name":"(anonymous_2)","line":19,"loc":{"start":{"line":19,"column":5},"end":{"line":19,"column":17}}},"3":{"name":"(anonymous_3)","line":23,"loc":{"start":{"line":23,"column":24},"end":{"line":23,"column":36}}},"4":{"name":"(anonymous_4)","line":61,"loc":{"start":{"line":61,"column":5},"end":{"line":61,"column":17}}},"5":{"name":"(anonymous_5)","line":82,"loc":{"start":{"line":82,"column":5},"end":{"line":82,"column":17}}},"6":{"name":"(anonymous_6)","line":91,"loc":{"start":{"line":91,"column":77},"end":{"line":94,"column":10}}},"7":{"name":"(anonymous_7)","line":112,"loc":{"start":{"line":112,"column":83},"end":{"line":115,"column":10}},"skip":true},"8":{"name":"(anonymous_8)","line":123,"loc":{"start":{"line":123,"column":77},"end":{"line":126,"column":10}},"skip":true},"9":{"name":"(anonymous_9)","line":139,"loc":{"start":{"line":139,"column":12},"end":{"line":139,"column":40}},"skip":true},"10":{"name":"(anonymous_10)","line":147,"loc":{"start":{"line":147,"column":77},"end":{"line":150,"column":10}},"skip":true},"11":{"name":"(anonymous_11)","line":158,"loc":{"start":{"line":158,"column":83},"end":{"line":161,"column":10}},"skip":true},"12":{"name":"(anonymous_12)","line":169,"loc":{"start":{"line":169,"column":79},"end":{"line":172,"column":10}},"skip":true},"13":{"name":"(anonymous_13)","line":180,"loc":{"start":{"line":180,"column":75},"end":{"line":183,"column":10}},"skip":true}},"statementMap":{"1":{"start":{"line":12,"column":0},"end":{"line":195,"column":5}},"2":{"start":{"line":14,"column":4},"end":{"line":14,"column":14}},"3":{"start":{"line":19,"column":4},"end":{"line":56,"column":9}},"4":{"start":{"line":21,"column":8},"end":{"line":21,"column":19}},"5":{"start":{"line":23,"column":8},"end":{"line":35,"column":13}},"6":{"start":{"line":24,"column":12},"end":{"line":34,"column":13}},"7":{"start":{"line":25,"column":16},"end":{"line":28,"column":30}},"8":{"start":{"line":30,"column":16},"end":{"line":33,"column":27}},"9":{"start":{"line":37,"column":8},"end":{"line":39,"column":21}},"10":{"start":{"line":40,"column":8},"end":{"line":53,"column":9}},"11":{"start":{"line":43,"column":12},"end":{"line":46,"column":14}},"12":{"start":{"line":47,"column":12},"end":{"line":47,"column":18}},"13":{"start":{"line":50,"column":12},"end":{"line":51,"column":46}},"14":{"start":{"line":52,"column":12},"end":{"line":52,"column":18}},"15":{"start":{"line":55,"column":8},"end":{"line":55,"column":35}},"16":{"start":{"line":61,"column":4},"end":{"line":63,"column":9}},"17":{"start":{"line":62,"column":8},"end":{"line":62,"column":15}},"18":{"start":{"line":64,"column":4},"end":{"line":77,"column":5}},"19":{"start":{"line":70,"column":8},"end":{"line":70,"column":14}},"20":{"start":{"line":76,"column":8},"end":{"line":76,"column":14}},"21":{"start":{"line":82,"column":4},"end":{"line":84,"column":9}},"22":{"start":{"line":83,"column":8},"end":{"line":83,"column":15}},"23":{"start":{"line":85,"column":4},"end":{"line":194,"column":5}},"24":{"start":{"line":91,"column":8},"end":{"line":99,"column":10}},"25":{"start":{"line":98,"column":12},"end":{"line":98,"column":35}},"26":{"start":{"line":102,"column":8},"end":{"line":104,"column":63}},"27":{"start":{"line":105,"column":8},"end":{"line":105,"column":14}},"28":{"start":{"line":112,"column":8},"end":{"line":121,"column":10},"skip":true},"29":{"start":{"line":119,"column":12},"end":{"line":119,"column":55},"skip":true},"30":{"start":{"line":120,"column":12},"end":{"line":120,"column":48},"skip":true},"31":{"start":{"line":123,"column":8},"end":{"line":136,"column":10},"skip":true},"32":{"start":{"line":130,"column":12},"end":{"line":130,"column":76},"skip":true},"33":{"start":{"line":131,"column":12},"end":{"line":131,"column":73},"skip":true},"34":{"start":{"line":132,"column":12},"end":{"line":132,"column":74},"skip":true},"35":{"start":{"line":133,"column":12},"end":{"line":133,"column":79},"skip":true},"36":{"start":{"line":134,"column":12},"end":{"line":134,"column":25},"skip":true},"37":{"start":{"line":135,"column":12},"end":{"line":135,"column":45},"skip":true},"38":{"start":{"line":138,"column":8},"end":{"line":145,"column":14},"skip":true},"39":{"start":{"line":143,"column":16},"end":{"line":143,"column":29},"skip":true},"40":{"start":{"line":144,"column":16},"end":{"line":144,"column":55},"skip":true},"41":{"start":{"line":147,"column":8},"end":{"line":156,"column":10},"skip":true},"42":{"start":{"line":154,"column":12},"end":{"line":154,"column":25},"skip":true},"43":{"start":{"line":155,"column":12},"end":{"line":155,"column":45},"skip":true},"44":{"start":{"line":158,"column":8},"end":{"line":167,"column":10},"skip":true},"45":{"start":{"line":165,"column":12},"end":{"line":165,"column":25},"skip":true},"46":{"start":{"line":166,"column":12},"end":{"line":166,"column":48},"skip":true},"47":{"start":{"line":169,"column":8},"end":{"line":178,"column":10},"skip":true},"48":{"start":{"line":176,"column":12},"end":{"line":176,"column":25},"skip":true},"49":{"start":{"line":177,"column":12},"end":{"line":177,"column":46},"skip":true},"50":{"start":{"line":180,"column":8},"end":{"line":189,"column":10},"skip":true},"51":{"start":{"line":187,"column":12},"end":{"line":187,"column":94},"skip":true},"52":{"start":{"line":188,"column":12},"end":{"line":188,"column":48},"skip":true},"53":{"start":{"line":192,"column":8},"end":{"line":192,"column":35},"skip":true},"54":{"start":{"line":193,"column":8},"end":{"line":193,"column":14},"skip":true}},"branchMap":{"1":{"line":25,"type":"binary-expr","locations":[{"start":{"line":25,"column":23},"end":{"line":25,"column":62}},{"start":{"line":26,"column":20},"end":{"line":26,"column":70}},{"start":{"line":27,"column":20},"end":{"line":27,"column":71}},{"start":{"line":28,"column":20},"end":{"line":28,"column":29}}]},"2":{"line":30,"type":"binary-expr","locations":[{"start":{"line":30,"column":23},"end":{"line":30,"column":37}},{"start":{"line":31,"column":20},"end":{"line":31,"column":61}},{"start":{"line":32,"column":20},"end":{"line":32,"column":70}},{"start":{"line":33,"column":20},"end":{"line":33,"column":26}}]},"3":{"line":37,"type":"cond-expr","locations":[{"start":{"line":38,"column":14},"end":{"line":38,"column":20}},{"start":{"line":39,"column":14},"end":{"line":39,"column":20}}]},"4":{"line":40,"type":"switch","locations":[{"start":{"line":42,"column":8},"end":{"line":47,"column":18}},{"start":{"line":49,"column":8},"end":{"line":52,"column":18}}]},"5":{"line":44,"type":"binary-expr","locations":[{"start":{"line":44,"column":16},"end":{"line":44,"column":44}},{"start":{"line":44,"column":48},"end":{"line":44,"column":66}}]},"6":{"line":50,"type":"binary-expr","locations":[{"start":{"line":50,"column":21},"end":{"line":50,"column":49}},{"start":{"line":50,"column":53},"end":{"line":50,"column":72}}]},"7":{"line":64,"type":"switch","locations":[{"start":{"line":69,"column":4},"end":{"line":70,"column":14}},{"start":{"line":75,"column":4},"end":{"line":76,"column":14}}]},"8":{"line":85,"type":"switch","locations":[{"start":{"line":90,"column":4},"end":{"line":105,"column":14}},{"start":{"line":111,"column":4},"end":{"line":193,"column":14},"skip":true}]},"9":{"line":91,"type":"binary-expr","locations":[{"start":{"line":91,"column":42},"end":{"line":91,"column":73}},{"start":{"line":91,"column":77},"end":{"line":99,"column":9}}]},"10":{"line":102,"type":"binary-expr","locations":[{"start":{"line":102,"column":18},"end":{"line":102,"column":32}},{"start":{"line":103,"column":12},"end":{"line":103,"column":53}},{"start":{"line":104,"column":12},"end":{"line":104,"column":61}}]},"11":{"line":112,"type":"binary-expr","locations":[{"start":{"line":112,"column":45},"end":{"line":112,"column":79},"skip":true},{"start":{"line":112,"column":83},"end":{"line":121,"column":9},"skip":true}]},"12":{"line":123,"type":"binary-expr","locations":[{"start":{"line":123,"column":42},"end":{"line":123,"column":73},"skip":true},{"start":{"line":123,"column":77},"end":{"line":136,"column":9},"skip":true}]},"13":{"line":138,"type":"binary-expr","locations":[{"start":{"line":138,"column":48},"end":{"line":138,"column":85},"skip":true},{"start":{"line":139,"column":12},"end":{"line":145,"column":13},"skip":true}]},"14":{"line":147,"type":"binary-expr","locations":[{"start":{"line":147,"column":42},"end":{"line":147,"column":73},"skip":true},{"start":{"line":147,"column":77},"end":{"line":156,"column":9},"skip":true}]},"15":{"line":158,"type":"binary-expr","locations":[{"start":{"line":158,"column":45},"end":{"line":158,"column":79},"skip":true},{"start":{"line":158,"column":83},"end":{"line":167,"column":9},"skip":true}]},"16":{"line":169,"type":"binary-expr","locations":[{"start":{"line":169,"column":43},"end":{"line":169,"column":75},"skip":true},{"start":{"line":169,"column":79},"end":{"line":178,"column":9},"skip":true}]},"17":{"line":180,"type":"binary-expr","locations":[{"start":{"line":180,"column":41},"end":{"line":180,"column":71},"skip":true},{"start":{"line":180,"column":75},"end":{"line":189,"column":9},"skip":true}]}},"code":["/* istanbul instrument in package npmtest_date_js */","/*jslint","    bitwise: true,","    browser: true,","    maxerr: 8,","    maxlen: 96,","    node: true,","    nomen: true,","    regexp: true,","    stupid: true","*/","(function () {","    'use strict';","    var local;","","","","    // run shared js-env code - pre-init","    (function () {","        // init local","        local = {};","        // init modeJs","        local.modeJs = (function () {","            try {","                return typeof navigator.userAgent === 'string' &&","                    typeof document.querySelector('body') === 'object' &&","                    typeof XMLHttpRequest.prototype.open === 'function' &&","                    'browser';","            } catch (errorCaughtBrowser) {","                return module.exports &&","                    typeof process.versions.node === 'string' &&","                    typeof require('http').createServer === 'function' &&","                    'node';","            }","        }());","        // init global","        local.global = local.modeJs === 'browser'","            ? window","            : global;","        switch (local.modeJs) {","        // re-init local from window.local","        case 'browser':","            local = local.global.utility2.objectSetDefault(","                local.global.utility2_rollup || local.global.local,","                local.global.utility2","            );","            break;","        // re-init local from example.js","        case 'node':","            local = (local.global.utility2_rollup || require('utility2'))","                .requireExampleJsFromReadme();","            break;","        }","        // export local","        local.global.local = local;","    }());","","","","    // run shared js-env code - function","    (function () {","        return;","    }());","    switch (local.modeJs) {","","","","    // run browser js-env code - function","    case 'browser':","        break;","","","","    // run node js-env code - function","    case 'node':","        break;","    }","","","","    // run shared js-env code - post-init","    (function () {","        return;","    }());","    switch (local.modeJs) {","","","","    // run browser js-env code - post-init","    case 'browser':","        local.testCase_browser_nullCase = local.testCase_browser_nullCase || function (","            options,","            onError","        ) {","        /*","         * this function will test browsers's null-case handling-behavior-behavior","         */","            onError(null, options);","        };","","        // run tests","        local.nop(local.modeTest &&","            document.querySelector('#testRunButton1') &&","            document.querySelector('#testRunButton1').click());","        break;","","","","    // run node js-env code - post-init","    /* istanbul ignore next */","    case 'node':","        local.testCase_buildApidoc_default = local.testCase_buildApidoc_default || function (","            options,","            onError","        ) {","        /*","         * this function will test buildApidoc's default handling-behavior-behavior","         */","            options = { modulePathList: module.paths };","            local.buildApidoc(options, onError);","        };","","        local.testCase_buildApp_default = local.testCase_buildApp_default || function (","            options,","            onError","        ) {","        /*","         * this function will test buildApp's default handling-behavior-behavior","         */","            local.testCase_buildReadme_default(options, local.onErrorThrow);","            local.testCase_buildLib_default(options, local.onErrorThrow);","            local.testCase_buildTest_default(options, local.onErrorThrow);","            local.testCase_buildCustomOrg_default(options, local.onErrorThrow);","            options = [];","            local.buildApp(options, onError);","        };","","        local.testCase_buildCustomOrg_default = local.testCase_buildCustomOrg_default ||","            function (options, onError) {","            /*","             * this function will test buildCustomOrg's default handling-behavior","             */","                options = {};","                local.buildCustomOrg(options, onError);","            };","","        local.testCase_buildLib_default = local.testCase_buildLib_default || function (","            options,","            onError","        ) {","        /*","         * this function will test buildLib's default handling-behavior","         */","            options = {};","            local.buildLib(options, onError);","        };","","        local.testCase_buildReadme_default = local.testCase_buildReadme_default || function (","            options,","            onError","        ) {","        /*","         * this function will test buildReadme's default handling-behavior-behavior","         */","            options = {};","            local.buildReadme(options, onError);","        };","","        local.testCase_buildTest_default = local.testCase_buildTest_default || function (","            options,","            onError","        ) {","        /*","         * this function will test buildTest's default handling-behavior","         */","            options = {};","            local.buildTest(options, onError);","        };","","        local.testCase_webpage_default = local.testCase_webpage_default || function (","            options,","            onError","        ) {","        /*","         * this function will test webpage's default handling-behavior","         */","            options = { modeCoverageMerge: true, url: local.serverLocalHost + '?modeTest=1' };","            local.browserTest(options, onError);","        };","","        // run test-server","        local.testRunServer(local);","        break;","    }","}());",""],"l":{"12":2,"14":2,"19":2,"21":2,"23":2,"24":2,"25":2,"30":1,"37":2,"40":2,"43":1,"47":1,"50":1,"52":1,"55":2,"61":2,"62":2,"64":2,"70":1,"76":1,"82":2,"83":2,"85":2,"91":1,"98":1,"102":1,"105":1,"112":1,"119":1,"120":1,"123":1,"130":1,"131":1,"132":1,"133":1,"134":1,"135":1,"138":1,"143":2,"144":2,"147":1,"154":2,"155":2,"158":1,"165":2,"166":2,"169":1,"176":2,"177":2,"180":1,"187":1,"188":1,"192":1,"193":1}},"/home/travis/build/npmtest/node-npmtest-date.js/lib.npmtest_date.js.js":{"path":"/home/travis/build/npmtest/node-npmtest-date.js/lib.npmtest_date.js.js","s":{"1":2,"2":2,"3":2,"4":2,"5":2,"6":2,"7":2,"8":1,"9":2,"10":2,"11":2,"12":2,"13":1,"14":1,"15":1,"16":1},"b":{"1":[2,1,1,1],"2":[1,1,1,1],"3":[1,1],"4":[2,2],"5":[1,1]},"f":{"1":2,"2":2,"3":2},"fnMap":{"1":{"name":"(anonymous_1)","line":12,"loc":{"start":{"line":12,"column":1},"end":{"line":12,"column":13}}},"2":{"name":"(anonymous_2)","line":19,"loc":{"start":{"line":19,"column":5},"end":{"line":19,"column":17}}},"3":{"name":"(anonymous_3)","line":23,"loc":{"start":{"line":23,"column":24},"end":{"line":23,"column":36}}}},"statementMap":{"1":{"start":{"line":12,"column":0},"end":{"line":53,"column":5}},"2":{"start":{"line":14,"column":4},"end":{"line":14,"column":14}},"3":{"start":{"line":19,"column":4},"end":{"line":52,"column":9}},"4":{"start":{"line":21,"column":8},"end":{"line":21,"column":19}},"5":{"start":{"line":23,"column":8},"end":{"line":35,"column":13}},"6":{"start":{"line":24,"column":12},"end":{"line":34,"column":13}},"7":{"start":{"line":25,"column":16},"end":{"line":28,"column":30}},"8":{"start":{"line":30,"column":16},"end":{"line":33,"column":27}},"9":{"start":{"line":37,"column":8},"end":{"line":39,"column":21}},"10":{"start":{"line":41,"column":8},"end":{"line":41,"column":54}},"11":{"start":{"line":43,"column":8},"end":{"line":43,"column":52}},"12":{"start":{"line":45,"column":8},"end":{"line":51,"column":9}},"13":{"start":{"line":46,"column":12},"end":{"line":46,"column":58}},"14":{"start":{"line":48,"column":12},"end":{"line":48,"column":35}},"15":{"start":{"line":49,"column":12},"end":{"line":49,"column":49}},"16":{"start":{"line":50,"column":12},"end":{"line":50,"column":43}}},"branchMap":{"1":{"line":25,"type":"binary-expr","locations":[{"start":{"line":25,"column":23},"end":{"line":25,"column":62}},{"start":{"line":26,"column":20},"end":{"line":26,"column":70}},{"start":{"line":27,"column":20},"end":{"line":27,"column":71}},{"start":{"line":28,"column":20},"end":{"line":28,"column":29}}]},"2":{"line":30,"type":"binary-expr","locations":[{"start":{"line":30,"column":23},"end":{"line":30,"column":37}},{"start":{"line":31,"column":20},"end":{"line":31,"column":61}},{"start":{"line":32,"column":20},"end":{"line":32,"column":70}},{"start":{"line":33,"column":20},"end":{"line":33,"column":26}}]},"3":{"line":37,"type":"cond-expr","locations":[{"start":{"line":38,"column":14},"end":{"line":38,"column":20}},{"start":{"line":39,"column":14},"end":{"line":39,"column":20}}]},"4":{"line":41,"type":"binary-expr","locations":[{"start":{"line":41,"column":16},"end":{"line":41,"column":44}},{"start":{"line":41,"column":48},"end":{"line":41,"column":53}}]},"5":{"line":45,"type":"if","locations":[{"start":{"line":45,"column":8},"end":{"line":45,"column":8}},{"start":{"line":45,"column":8},"end":{"line":45,"column":8}}]}},"code":["/* istanbul instrument in package npmtest_date_js */","/*jslint","    bitwise: true,","    browser: true,","    maxerr: 8,","    maxlen: 96,","    node: true,","    nomen: true,","    regexp: true,","    stupid: true","*/","(function () {","    'use strict';","    var local;","","","","    // run shared js-env code - pre-init","    (function () {","        // init local","        local = {};","        // init modeJs","        local.modeJs = (function () {","            try {","                return typeof navigator.userAgent === 'string' &&","                    typeof document.querySelector('body') === 'object' &&","                    typeof XMLHttpRequest.prototype.open === 'function' &&","                    'browser';","            } catch (errorCaughtBrowser) {","                return module.exports &&","                    typeof process.versions.node === 'string' &&","                    typeof require('http').createServer === 'function' &&","                    'node';","            }","        }());","        // init global","        local.global = local.modeJs === 'browser'","            ? window","            : global;","        // init utility2_rollup","        local = local.global.utility2_rollup || local;","        // init lib","        local.local = local.npmtest_date_js = local;","        // init exports","        if (local.modeJs === 'browser') {","            local.global.utility2_npmtest_date_js = local;","        } else {","            module.exports = local;","            module.exports.__dirname = __dirname;","            module.exports.module = module;","        }","    }());","}());",""],"l":{"12":2,"14":2,"19":2,"21":2,"23":2,"24":2,"25":2,"30":1,"37":2,"41":2,"43":2,"45":2,"46":1,"48":1,"49":1,"50":1}},"/home/travis/build/npmtest/node-npmtest-date.js/example.js":{"path":"/home/travis/build/npmtest/node-npmtest-date.js/example.js","s":{"1":2,"2":2,"3":2,"4":2,"5":2,"6":2,"7":2,"8":1,"9":2,"10":2,"11":2,"12":2,"13":1,"14":2,"15":2,"16":2,"17":2,"18":2,"19":0,"20":2,"21":1,"22":1,"23":1,"24":1,"25":1,"26":0,"27":0,"28":1,"29":1,"30":2,"31":0,"32":0,"33":0,"34":1,"35":2,"36":2,"37":3,"38":3,"39":3,"40":3,"41":0,"42":3,"43":3,"44":3,"45":1,"46":3,"47":1,"48":1,"49":1,"50":1,"51":1,"52":1,"53":1,"54":1,"55":1,"56":1,"57":0,"58":1,"59":6,"60":6,"61":1,"62":2,"63":0,"64":2,"65":1,"66":1,"67":0,"68":0,"69":0,"70":0,"71":0,"72":0,"73":0,"74":0,"75":0,"76":0,"77":0,"78":0,"79":0,"80":0,"81":0,"82":0,"83":0},"b":{"1":[2,1,1,1],"2":[1,1,1,1],"3":[1,1],"4":[2,2],"5":[1,1],"6":[1,1],"7":[2,0],"8":[2,1,1,1,1,1],"9":[0,2,0],"10":[1,1],"11":[2,1,1],"12":[1,0],"13":[0,2],"14":[2,0,0,0,0,0,0],"15":[0,3],"16":[3,0],"17":[1,1],"18":[0,1],"19":[1,2,0,2],"20":[1,0],"21":[1,1],"22":[0,0],"23":[0,0],"24":[0,0],"25":[0,0],"26":[0,0],"27":[0,0],"28":[0,0]},"f":{"1":2,"2":2,"3":2,"4":2,"5":2,"6":2,"7":3,"8":3,"9":3,"10":1,"11":6,"12":0},"fnMap":{"1":{"name":"(anonymous_1)","line":26,"loc":{"start":{"line":26,"column":1},"end":{"line":26,"column":13}}},"2":{"name":"(anonymous_2)","line":33,"loc":{"start":{"line":33,"column":5},"end":{"line":33,"column":17}}},"3":{"name":"(anonymous_3)","line":37,"loc":{"start":{"line":37,"column":24},"end":{"line":37,"column":36}}},"4":{"name":"(anonymous_4)","line":69,"loc":{"start":{"line":69,"column":31},"end":{"line":69,"column":48}},"skip":true},"5":{"name":"(anonymous_5)","line":78,"loc":{"start":{"line":78,"column":26},"end":{"line":78,"column":45}},"skip":true},"6":{"name":"(anonymous_6)","line":123,"loc":{"start":{"line":123,"column":33},"end":{"line":123,"column":48}},"skip":true},"7":{"name":"(anonymous_7)","line":125,"loc":{"start":{"line":125,"column":27},"end":{"line":125,"column":39}},"skip":true},"8":{"name":"(anonymous_8)","line":133,"loc":{"start":{"line":133,"column":59},"end":{"line":133,"column":74}},"skip":true},"9":{"name":"(anonymous_9)","line":143,"loc":{"start":{"line":143,"column":45},"end":{"line":143,"column":62}},"skip":true},"10":{"name":"(anonymous_10)","line":144,"loc":{"start":{"line":144,"column":73},"end":{"line":144,"column":92}},"skip":true},"11":{"name":"(anonymous_11)","line":272,"loc":{"start":{"line":272,"column":51},"end":{"line":272,"column":77}},"skip":true},"12":{"name":"(anonymous_12)","line":315,"loc":{"start":{"line":315,"column":32},"end":{"line":315,"column":61}},"skip":true}},"statementMap":{"1":{"start":{"line":26,"column":0},"end":{"line":326,"column":5}},"2":{"start":{"line":28,"column":4},"end":{"line":28,"column":14}},"3":{"start":{"line":33,"column":4},"end":{"line":60,"column":9}},"4":{"start":{"line":35,"column":8},"end":{"line":35,"column":19}},"5":{"start":{"line":37,"column":8},"end":{"line":49,"column":13}},"6":{"start":{"line":38,"column":12},"end":{"line":48,"column":13}},"7":{"start":{"line":39,"column":16},"end":{"line":42,"column":30}},"8":{"start":{"line":44,"column":16},"end":{"line":47,"column":27}},"9":{"start":{"line":51,"column":8},"end":{"line":53,"column":21}},"10":{"start":{"line":55,"column":8},"end":{"line":57,"column":45}},"11":{"start":{"line":59,"column":8},"end":{"line":59,"column":35}},"12":{"start":{"line":61,"column":4},"end":{"line":325,"column":5}},"13":{"start":{"line":69,"column":8},"end":{"line":121,"column":10},"skip":true},"14":{"start":{"line":70,"column":12},"end":{"line":88,"column":13},"skip":true},"15":{"start":{"line":76,"column":16},"end":{"line":87,"column":19},"skip":true},"16":{"start":{"line":79,"column":20},"end":{"line":86,"column":21},"skip":true},"17":{"start":{"line":82,"column":24},"end":{"line":82,"column":43},"skip":true},"18":{"start":{"line":83,"column":24},"end":{"line":83,"column":30},"skip":true},"19":{"start":{"line":85,"column":24},"end":{"line":85,"column":49},"skip":true},"20":{"start":{"line":89,"column":12},"end":{"line":107,"column":13},"skip":true},"21":{"start":{"line":92,"column":16},"end":{"line":102,"column":17},"skip":true},"22":{"start":{"line":93,"column":20},"end":{"line":93,"column":86},"skip":true},"23":{"start":{"line":94,"column":20},"end":{"line":95,"column":45},"skip":true},"24":{"start":{"line":96,"column":20},"end":{"line":96,"column":42},"skip":true},"25":{"start":{"line":97,"column":20},"end":{"line":97,"column":48},"skip":true},"26":{"start":{"line":100,"column":20},"end":{"line":100,"column":85},"skip":true},"27":{"start":{"line":101,"column":20},"end":{"line":101,"column":96},"skip":true},"28":{"start":{"line":103,"column":16},"end":{"line":103,"column":22},"skip":true},"29":{"start":{"line":106,"column":16},"end":{"line":106,"column":22},"skip":true},"30":{"start":{"line":108,"column":12},"end":{"line":120,"column":13},"skip":true},"31":{"start":{"line":114,"column":16},"end":{"line":119,"column":17},"skip":true},"32":{"start":{"line":116,"column":20},"end":{"line":116,"column":78},"skip":true},"33":{"start":{"line":118,"column":20},"end":{"line":118,"column":47},"skip":true},"34":{"start":{"line":123,"column":8},"end":{"line":141,"column":11},"skip":true},"35":{"start":{"line":124,"column":12},"end":{"line":124,"column":54},"skip":true},"36":{"start":{"line":125,"column":12},"end":{"line":140,"column":14},"skip":true},"37":{"start":{"line":126,"column":16},"end":{"line":126,"column":28},"skip":true},"38":{"start":{"line":127,"column":16},"end":{"line":127,"column":69},"skip":true},"39":{"start":{"line":128,"column":16},"end":{"line":128,"column":75},"skip":true},"40":{"start":{"line":129,"column":16},"end":{"line":131,"column":17},"skip":true},"41":{"start":{"line":130,"column":20},"end":{"line":130,"column":27},"skip":true},"42":{"start":{"line":133,"column":16},"end":{"line":137,"column":36},"skip":true},"43":{"start":{"line":134,"column":20},"end":{"line":136,"column":55},"skip":true},"44":{"start":{"line":139,"column":16},"end":{"line":139,"column":57},"skip":true},"45":{"start":{"line":143,"column":8},"end":{"line":147,"column":11},"skip":true},"46":{"start":{"line":144,"column":12},"end":{"line":146,"column":15},"skip":true},"47":{"start":{"line":145,"column":16},"end":{"line":145,"column":70},"skip":true},"48":{"start":{"line":149,"column":8},"end":{"line":149,"column":31},"skip":true},"49":{"start":{"line":150,"column":8},"end":{"line":150,"column":14},"skip":true},"50":{"start":{"line":158,"column":8},"end":{"line":158,"column":31},"skip":true},"51":{"start":{"line":160,"column":8},"end":{"line":160,"column":33},"skip":true},"52":{"start":{"line":161,"column":8},"end":{"line":161,"column":37},"skip":true},"53":{"start":{"line":162,"column":8},"end":{"line":162,"column":35},"skip":true},"54":{"start":{"line":164,"column":8},"end":{"line":164,"column":50},"skip":true},"55":{"start":{"line":166,"column":8},"end":{"line":256,"column":2},"skip":true},"56":{"start":{"line":258,"column":8},"end":{"line":286,"column":9},"skip":true},"57":{"start":{"line":259,"column":12},"end":{"line":269,"column":14},"skip":true},"58":{"start":{"line":271,"column":12},"end":{"line":285,"column":19},"skip":true},"59":{"start":{"line":274,"column":20},"end":{"line":274,"column":35},"skip":true},"60":{"start":{"line":275,"column":20},"end":{"line":284,"column":21},"skip":true},"61":{"start":{"line":277,"column":24},"end":{"line":277,"column":64},"skip":true},"62":{"start":{"line":279,"column":24},"end":{"line":279,"column":40},"skip":true},"63":{"start":{"line":281,"column":24},"end":{"line":281,"column":40},"skip":true},"64":{"start":{"line":283,"column":24},"end":{"line":283,"column":39},"skip":true},"65":{"start":{"line":288,"column":8},"end":{"line":290,"column":9},"skip":true},"66":{"start":{"line":289,"column":12},"end":{"line":289,"column":18},"skip":true},"67":{"start":{"line":291,"column":8},"end":{"line":293,"column":54},"skip":true},"68":{"start":{"line":296,"column":8},"end":{"line":301,"column":37},"skip":true},"69":{"start":{"line":303,"column":8},"end":{"line":303,"column":82},"skip":true},"70":{"start":{"line":306,"column":8},"end":{"line":308,"column":9},"skip":true},"71":{"start":{"line":307,"column":12},"end":{"line":307,"column":82},"skip":true},"72":{"start":{"line":310,"column":8},"end":{"line":312,"column":9},"skip":true},"73":{"start":{"line":311,"column":12},"end":{"line":311,"column":18},"skip":true},"74":{"start":{"line":313,"column":8},"end":{"line":313,"column":54},"skip":true},"75":{"start":{"line":314,"column":8},"end":{"line":314,"column":69},"skip":true},"76":{"start":{"line":315,"column":8},"end":{"line":323,"column":36},"skip":true},"77":{"start":{"line":316,"column":12},"end":{"line":316,"column":61},"skip":true},"78":{"start":{"line":317,"column":12},"end":{"line":320,"column":13},"skip":true},"79":{"start":{"line":318,"column":16},"end":{"line":318,"column":75},"skip":true},"80":{"start":{"line":319,"column":16},"end":{"line":319,"column":23},"skip":true},"81":{"start":{"line":321,"column":12},"end":{"line":321,"column":38},"skip":true},"82":{"start":{"line":322,"column":12},"end":{"line":322,"column":27},"skip":true},"83":{"start":{"line":324,"column":8},"end":{"line":324,"column":14},"skip":true}},"branchMap":{"1":{"line":39,"type":"binary-expr","locations":[{"start":{"line":39,"column":23},"end":{"line":39,"column":62}},{"start":{"line":40,"column":20},"end":{"line":40,"column":70}},{"start":{"line":41,"column":20},"end":{"line":41,"column":71}},{"start":{"line":42,"column":20},"end":{"line":42,"column":29}}]},"2":{"line":44,"type":"binary-expr","locations":[{"start":{"line":44,"column":23},"end":{"line":44,"column":37}},{"start":{"line":45,"column":20},"end":{"line":45,"column":61}},{"start":{"line":46,"column":20},"end":{"line":46,"column":70}},{"start":{"line":47,"column":20},"end":{"line":47,"column":26}}]},"3":{"line":51,"type":"cond-expr","locations":[{"start":{"line":52,"column":14},"end":{"line":52,"column":20}},{"start":{"line":53,"column":14},"end":{"line":53,"column":20}}]},"4":{"line":55,"type":"binary-expr","locations":[{"start":{"line":55,"column":16},"end":{"line":55,"column":44}},{"start":{"line":55,"column":49},"end":{"line":57,"column":43}}]},"5":{"line":55,"type":"cond-expr","locations":[{"start":{"line":56,"column":14},"end":{"line":56,"column":51}},{"start":{"line":57,"column":14},"end":{"line":57,"column":43}}]},"6":{"line":61,"type":"switch","locations":[{"start":{"line":68,"column":4},"end":{"line":150,"column":14},"skip":true},{"start":{"line":156,"column":4},"end":{"line":324,"column":14},"skip":true}]},"7":{"line":70,"type":"if","locations":[{"start":{"line":70,"column":12},"end":{"line":70,"column":12},"skip":true},{"start":{"line":70,"column":12},"end":{"line":70,"column":12},"skip":true}]},"8":{"line":70,"type":"binary-expr","locations":[{"start":{"line":70,"column":16},"end":{"line":70,"column":22},"skip":true},{"start":{"line":70,"column":27},"end":{"line":70,"column":32},"skip":true},{"start":{"line":71,"column":20},"end":{"line":71,"column":39},"skip":true},{"start":{"line":72,"column":20},"end":{"line":72,"column":49},"skip":true},{"start":{"line":73,"column":20},"end":{"line":73,"column":58},"skip":true},{"start":{"line":74,"column":20},"end":{"line":74,"column":69},"skip":true}]},"9":{"line":79,"type":"switch","locations":[{"start":{"line":80,"column":20},"end":{"line":80,"column":33},"skip":true},{"start":{"line":81,"column":20},"end":{"line":83,"column":30},"skip":true},{"start":{"line":84,"column":20},"end":{"line":85,"column":49},"skip":true}]},"10":{"line":89,"type":"switch","locations":[{"start":{"line":90,"column":12},"end":{"line":103,"column":22},"skip":true},{"start":{"line":105,"column":12},"end":{"line":106,"column":22},"skip":true}]},"11":{"line":89,"type":"binary-expr","locations":[{"start":{"line":89,"column":20},"end":{"line":89,"column":25},"skip":true},{"start":{"line":89,"column":29},"end":{"line":89,"column":48},"skip":true},{"start":{"line":89,"column":52},"end":{"line":89,"column":74},"skip":true}]},"12":{"line":92,"type":"if","locations":[{"start":{"line":92,"column":16},"end":{"line":92,"column":16},"skip":true},{"start":{"line":92,"column":16},"end":{"line":92,"column":16},"skip":true}]},"13":{"line":108,"type":"if","locations":[{"start":{"line":108,"column":12},"end":{"line":108,"column":12},"skip":true},{"start":{"line":108,"column":12},"end":{"line":108,"column":12},"skip":true}]},"14":{"line":108,"type":"binary-expr","locations":[{"start":{"line":108,"column":16},"end":{"line":108,"column":61},"skip":true},{"start":{"line":108,"column":66},"end":{"line":108,"column":72},"skip":true},{"start":{"line":108,"column":77},"end":{"line":108,"column":82},"skip":true},{"start":{"line":109,"column":20},"end":{"line":109,"column":39},"skip":true},{"start":{"line":110,"column":20},"end":{"line":110,"column":49},"skip":true},{"start":{"line":111,"column":20},"end":{"line":111,"column":58},"skip":true},{"start":{"line":112,"column":20},"end":{"line":112,"column":68},"skip":true}]},"15":{"line":129,"type":"if","locations":[{"start":{"line":129,"column":16},"end":{"line":129,"column":16},"skip":true},{"start":{"line":129,"column":16},"end":{"line":129,"column":16},"skip":true}]},"16":{"line":134,"type":"cond-expr","locations":[{"start":{"line":135,"column":26},"end":{"line":135,"column":29},"skip":true},{"start":{"line":136,"column":26},"end":{"line":136,"column":54},"skip":true}]},"17":{"line":164,"type":"binary-expr","locations":[{"start":{"line":164,"column":27},"end":{"line":164,"column":43},"skip":true},{"start":{"line":164,"column":47},"end":{"line":164,"column":49},"skip":true}]},"18":{"line":258,"type":"if","locations":[{"start":{"line":258,"column":8},"end":{"line":258,"column":8},"skip":true},{"start":{"line":258,"column":8},"end":{"line":258,"column":8},"skip":true}]},"19":{"line":275,"type":"switch","locations":[{"start":{"line":276,"column":20},"end":{"line":277,"column":64},"skip":true},{"start":{"line":278,"column":20},"end":{"line":279,"column":40},"skip":true},{"start":{"line":280,"column":20},"end":{"line":281,"column":40},"skip":true},{"start":{"line":282,"column":20},"end":{"line":283,"column":39},"skip":true}]},"20":{"line":288,"type":"if","locations":[{"start":{"line":288,"column":8},"end":{"line":288,"column":8},"skip":true},{"start":{"line":288,"column":8},"end":{"line":288,"column":8},"skip":true}]},"21":{"line":288,"type":"binary-expr","locations":[{"start":{"line":288,"column":12},"end":{"line":288,"column":40},"skip":true},{"start":{"line":288,"column":44},"end":{"line":288,"column":67},"skip":true}]},"22":{"line":292,"type":"binary-expr","locations":[{"start":{"line":292,"column":12},"end":{"line":292,"column":50},"skip":true},{"start":{"line":293,"column":12},"end":{"line":293,"column":53},"skip":true}]},"23":{"line":297,"type":"binary-expr","locations":[{"start":{"line":297,"column":12},"end":{"line":297,"column":65},"skip":true},{"start":{"line":298,"column":12},"end":{"line":301,"column":36},"skip":true}]},"24":{"line":303,"type":"binary-expr","locations":[{"start":{"line":303,"column":43},"end":{"line":303,"column":75},"skip":true},{"start":{"line":303,"column":79},"end":{"line":303,"column":81},"skip":true}]},"25":{"line":306,"type":"if","locations":[{"start":{"line":306,"column":8},"end":{"line":306,"column":8},"skip":true},{"start":{"line":306,"column":8},"end":{"line":306,"column":8},"skip":true}]},"26":{"line":310,"type":"if","locations":[{"start":{"line":310,"column":8},"end":{"line":310,"column":8},"skip":true},{"start":{"line":310,"column":8},"end":{"line":310,"column":8},"skip":true}]},"27":{"line":313,"type":"binary-expr","locations":[{"start":{"line":313,"column":27},"end":{"line":313,"column":43},"skip":true},{"start":{"line":313,"column":47},"end":{"line":313,"column":53},"skip":true}]},"28":{"line":317,"type":"if","locations":[{"start":{"line":317,"column":12},"end":{"line":317,"column":12},"skip":true},{"start":{"line":317,"column":12},"end":{"line":317,"column":12},"skip":true}]}},"code":["/*","example.js","","quickstart example","","instruction","    1. save this script as example.js","    2. run the shell command:","        $ npm install npmtest-date.js && PORT=8081 node example.js","    3. play with the browser-demo on http://127.0.0.1:8081","*/","","","","/* istanbul instrument in package npmtest_date_js */","/*jslint","    bitwise: true,","    browser: true,","    maxerr: 8,","    maxlen: 96,","    node: true,","    nomen: true,","    regexp: true,","    stupid: true","*/","(function () {","    'use strict';","    var local;","","","","    // run shared js-env code - pre-init","    (function () {","        // init local","        local = {};","        // init modeJs","        local.modeJs = (function () {","            try {","                return typeof navigator.userAgent === 'string' &&","                    typeof document.querySelector('body') === 'object' &&","                    typeof XMLHttpRequest.prototype.open === 'function' &&","                    'browser';","            } catch (errorCaughtBrowser) {","                return module.exports &&","                    typeof process.versions.node === 'string' &&","                    typeof require('http').createServer === 'function' &&","                    'node';","            }","        }());","        // init global","        local.global = local.modeJs === 'browser'","            ? window","            : global;","        // init utility2_rollup","        local = local.global.utility2_rollup || (local.modeJs === 'browser'","            ? local.global.utility2_npmtest_date_js","            : global.utility2_moduleExports);","        // export local","        local.global.local = local;","    }());","    switch (local.modeJs) {","","","","    // post-init","    // run browser js-env code - post-init","    /* istanbul ignore next */","    case 'browser':","        local.testRunBrowser = function (event) {","            if (!event || (event &&","                    event.currentTarget &&","                    event.currentTarget.className &&","                    event.currentTarget.className.includes &&","                    event.currentTarget.className.includes('onreset'))) {","                // reset output","                Array.from(","                    document.querySelectorAll('body > .resettable')","                ).forEach(function (element) {","                    switch (element.tagName) {","                    case 'INPUT':","                    case 'TEXTAREA':","                        element.value = '';","                        break;","                    default:","                        element.textContent = '';","                    }","                });","            }","            switch (event && event.currentTarget && event.currentTarget.id) {","            case 'testRunButton1':","                // show tests","                if (document.querySelector('#testReportDiv1').style.display === 'none') {","                    document.querySelector('#testReportDiv1').style.display = 'block';","                    document.querySelector('#testRunButton1').textContent =","                        'hide internal test';","                    local.modeTest = true;","                    local.testRunDefault(local);","                // hide tests","                } else {","                    document.querySelector('#testReportDiv1').style.display = 'none';","                    document.querySelector('#testRunButton1').textContent = 'run internal test';","                }","                break;","            // custom-case","            default:","                break;","            }","            if (document.querySelector('#inputTextareaEval1') && (!event || (event &&","                    event.currentTarget &&","                    event.currentTarget.className &&","                    event.currentTarget.className.includes &&","                    event.currentTarget.className.includes('oneval')))) {","                // try to eval input-code","                try {","                    /*jslint evil: true*/","                    eval(document.querySelector('#inputTextareaEval1').value);","                } catch (errorCaught) {","                    console.error(errorCaught);","                }","            }","        };","        // log stderr and stdout to #outputTextareaStdout1","        ['error', 'log'].forEach(function (key) {","            console[key + '_original'] = console[key];","            console[key] = function () {","                var element;","                console[key + '_original'].apply(console, arguments);","                element = document.querySelector('#outputTextareaStdout1');","                if (!element) {","                    return;","                }","                // append text to #outputTextareaStdout1","                element.value += Array.from(arguments).map(function (arg) {","                    return typeof arg === 'string'","                        ? arg","                        : JSON.stringify(arg, null, 4);","                }).join(' ') + '\\n';","                // scroll textarea to bottom","                element.scrollTop = element.scrollHeight;","            };","        });","        // init event-handling","        ['change', 'click', 'keyup'].forEach(function (event) {","            Array.from(document.querySelectorAll('.on' + event)).forEach(function (element) {","                element.addEventListener(event, local.testRunBrowser);","            });","        });","        // run tests","        local.testRunBrowser();","        break;","","","","    // run node js-env code - post-init","    /* istanbul ignore next */","    case 'node':","        // export local","        module.exports = local;","        // require modules","        local.fs = require('fs');","        local.http = require('http');","        local.url = require('url');","        // init assets","        local.assetsDict = local.assetsDict || {};","        /* jslint-ignore-begin */","        local.assetsDict['/assets.index.template.html'] = '\\","<!doctype html>\\n\\","<html lang=\"en\">\\n\\","<head>\\n\\","<meta charset=\"UTF-8\">\\n\\","<meta name=\"viewport\" content=\"width=device-width, initial-scale=1\">\\n\\","<title>{{env.npm_package_name}} (v{{env.npm_package_version}})</title>\\n\\","<style>\\n\\","/*csslint\\n\\","    box-sizing: false,\\n\\","    universal-selector: false\\n\\","*/\\n\\","* {\\n\\","    box-sizing: border-box;\\n\\","}\\n\\","body {\\n\\","    background: #dde;\\n\\","    font-family: Arial, Helvetica, sans-serif;\\n\\","    margin: 2rem;\\n\\","}\\n\\","body > * {\\n\\","    margin-bottom: 1rem;\\n\\","}\\n\\",".utility2FooterDiv {\\n\\","    margin-top: 20px;\\n\\","    text-align: center;\\n\\","}\\n\\","</style>\\n\\","<style>\\n\\","/*csslint\\n\\","*/\\n\\","textarea {\\n\\","    font-family: monospace;\\n\\","    height: 10rem;\\n\\","    width: 100%;\\n\\","}\\n\\","textarea[readonly] {\\n\\","    background: #ddd;\\n\\","}\\n\\","</style>\\n\\","</head>\\n\\","<body>\\n\\","<!-- utility2-comment\\n\\","<div id=\"ajaxProgressDiv1\" style=\"background: #d00; height: 2px; left: 0; margin: 0; padding: 0; position: fixed; top: 0; transition: background 0.5s, width 1.5s; width: 25%;\"></div>\\n\\","utility2-comment -->\\n\\","<h1>\\n\\","<!-- utility2-comment\\n\\","    <a\\n\\","        {{#if env.npm_package_homepage}}\\n\\","        href=\"{{env.npm_package_homepage}}\"\\n\\","        {{/if env.npm_package_homepage}}\\n\\","        target=\"_blank\"\\n\\","    >\\n\\","utility2-comment -->\\n\\","        {{env.npm_package_name}} (v{{env.npm_package_version}})\\n\\","<!-- utility2-comment\\n\\","    </a>\\n\\","utility2-comment -->\\n\\","</h1>\\n\\","<h3>{{env.npm_package_description}}</h3>\\n\\","<!-- utility2-comment\\n\\","<h4><a download href=\"assets.app.js\">download standalone app</a></h4>\\n\\","<button class=\"onclick onreset\" id=\"testRunButton1\">run internal test</button><br>\\n\\","<div id=\"testReportDiv1\" style=\"display: none;\"></div>\\n\\","utility2-comment -->\\n\\","\\n\\","\\n\\","\\n\\","<label>stderr and stdout</label>\\n\\","<textarea class=\"resettable\" id=\"outputTextareaStdout1\" readonly></textarea>\\n\\","<!-- utility2-comment\\n\\","{{#if isRollup}}\\n\\","<script src=\"assets.app.js\"></script>\\n\\","{{#unless isRollup}}\\n\\","utility2-comment -->\\n\\","<script src=\"assets.utility2.rollup.js\"></script>\\n\\","<script src=\"jsonp.utility2._stateInit?callback=window.utility2._stateInit\"></script>\\n\\","<script src=\"assets.npmtest_date_js.rollup.js\"></script>\\n\\","<script src=\"assets.example.js\"></script>\\n\\","<script src=\"assets.test.js\"></script>\\n\\","<!-- utility2-comment\\n\\","{{/if isRollup}}\\n\\","utility2-comment -->\\n\\","<div class=\"utility2FooterDiv\">\\n\\","    [ this app was created with\\n\\","    <a href=\"https://github.com/kaizhu256/node-utility2\" target=\"_blank\">utility2</a>\\n\\","    ]\\n\\","</div>\\n\\","</body>\\n\\","</html>\\n\\","';","        /* jslint-ignore-end */","        if (local.templateRender) {","            local.assetsDict['/'] = local.templateRender(","                local.assetsDict['/assets.index.template.html'],","                {","                    env: local.objectSetDefault(local.env, {","                        npm_package_description: 'the greatest app in the world!',","                        npm_package_name: 'my-app',","                        npm_package_nameAlias: 'my_app',","                        npm_package_version: '0.0.1'","                    })","                }","            );","        } else {","            local.assetsDict['/'] = local.assetsDict['/assets.index.template.html']","                .replace((/\\{\\{env\\.(\\w+?)\\}\\}/g), function (match0, match1) {","                    // jslint-hack","                    String(match0);","                    switch (match1) {","                    case 'npm_package_description':","                        return 'the greatest app in the world!';","                    case 'npm_package_name':","                        return 'my-app';","                    case 'npm_package_nameAlias':","                        return 'my_app';","                    case 'npm_package_version':","                        return '0.0.1';","                    }","                });","        }","        // run the cli","        if (local.global.utility2_rollup || module !== require.main) {","            break;","        }","        local.assetsDict['/assets.example.js'] =","            local.assetsDict['/assets.example.js'] ||","            local.fs.readFileSync(__filename, 'utf8');","        // bug-workaround - long $npm_package_buildCustomOrg","        /* jslint-ignore-begin */","        local.assetsDict['/assets.npmtest_date_js.rollup.js'] =","            local.assetsDict['/assets.npmtest_date_js.rollup.js'] ||","            local.fs.readFileSync(","                local.npmtest_date_js.__dirname + '/lib.npmtest_date_js.js',","                'utf8'","            ).replace((/^#!/), '//');","        /* jslint-ignore-end */","        local.assetsDict['/favicon.ico'] = local.assetsDict['/favicon.ico'] || '';","        // if $npm_config_timeout_exit exists,","        // then exit this process after $npm_config_timeout_exit ms","        if (Number(process.env.npm_config_timeout_exit)) {","            setTimeout(process.exit, Number(process.env.npm_config_timeout_exit));","        }","        // start server","        if (local.global.utility2_serverHttp1) {","            break;","        }","        process.env.PORT = process.env.PORT || '8081';","        console.error('server starting on port ' + process.env.PORT);","        local.http.createServer(function (request, response) {","            request.urlParsed = local.url.parse(request.url);","            if (local.assetsDict[request.urlParsed.pathname] !== undefined) {","                response.end(local.assetsDict[request.urlParsed.pathname]);","                return;","            }","            response.statusCode = 404;","            response.end();","        }).listen(process.env.PORT);","        break;","    }","}());",""],"l":{"26":2,"28":2,"33":2,"35":2,"37":2,"38":2,"39":2,"44":1,"51":2,"55":2,"59":2,"61":2,"69":1,"70":2,"76":2,"79":2,"82":2,"83":2,"85":1,"89":2,"92":1,"93":1,"94":1,"96":1,"97":1,"100":1,"101":1,"103":1,"106":1,"108":2,"114":1,"116":1,"118":1,"123":1,"124":2,"125":2,"126":3,"127":3,"128":3,"129":3,"130":1,"133":3,"134":3,"139":3,"143":1,"144":3,"145":1,"149":1,"150":1,"158":1,"160":1,"161":1,"162":1,"164":1,"166":1,"258":1,"259":1,"271":1,"274":6,"275":6,"277":1,"279":2,"281":1,"283":2,"288":1,"289":1,"291":1,"296":1,"303":1,"306":1,"307":1,"310":1,"311":1,"313":1,"314":1,"315":1,"316":1,"317":1,"318":1,"319":1,"321":1,"322":1,"324":1}},"/home/travis/build/npmtest/node-npmtest-date.js/node_modules/date.js/index.js":{"path":"/home/travis/build/npmtest/node-npmtest-date.js/node_modules/date.js/index.js","s":{"1":1},"b":{},"f":{},"fnMap":{},"statementMap":{"1":{"start":{"line":5,"column":0},"end":{"line":5,"column":41}}},"branchMap":{},"code":["/**"," * Expose `Date`"," */","","module.exports = require('./lib/parser');",""],"l":{"5":1}},"/home/travis/build/npmtest/node-npmtest-date.js/node_modules/date.js/lib/parser.js":{"path":"/home/travis/build/npmtest/node-npmtest-date.js/node_modules/date.js/lib/parser.js","s":{"1":1,"2":1,"3":1,"4":1,"5":1,"6":1,"7":1,"8":1,"9":1,"10":1,"11":1,"12":1,"13":1,"14":1,"15":1,"16":0,"17":0,"18":0,"19":0,"20":0,"21":0,"22":0,"23":0,"24":0,"25":0,"26":0,"27":0,"28":0,"29":0,"30":0,"31":0,"32":0,"33":1,"34":0,"35":0,"36":0,"37":1,"38":0,"39":0,"40":0,"41":0,"42":0,"43":0,"44":1,"45":0,"46":1,"47":0,"48":0,"49":1,"50":0,"51":0,"52":1,"53":0,"54":1,"55":0,"56":0,"57":0,"58":1,"59":0,"60":0,"61":0,"62":0,"63":1,"64":0,"65":0,"66":0,"67":0,"68":1,"69":0,"70":0,"71":0,"72":0,"73":1,"74":0,"75":0,"76":0,"77":0,"78":1,"79":0,"80":0,"81":0,"82":0,"83":1,"84":0,"85":0,"86":0,"87":0,"88":0,"89":0,"90":0,"91":1,"92":0,"93":0,"94":0,"95":0,"96":0,"97":0,"98":0,"99":0,"100":0,"101":1,"102":0,"103":0,"104":0,"105":0,"106":0,"107":0,"108":0,"109":1,"110":0,"111":0,"112":0,"113":0,"114":1,"115":0,"116":0,"117":0,"118":0,"119":1,"120":0,"121":0,"122":0,"123":0,"124":1,"125":0,"126":0,"127":0,"128":0,"129":0,"130":1,"131":0,"132":0,"133":0,"134":0,"135":0,"136":1,"137":0,"138":0,"139":0,"140":0,"141":0,"142":0,"143":1,"144":0,"145":0,"146":0,"147":0,"148":0,"149":0,"150":0,"151":0,"152":1,"153":0,"154":0,"155":0,"156":0,"157":0,"158":0,"159":0,"160":0,"161":0,"162":0,"163":0,"164":1,"165":0,"166":0,"167":0,"168":0,"169":0,"170":1,"171":0,"172":0,"173":0,"174":0,"175":0,"176":1,"177":0,"178":0,"179":0,"180":0,"181":0,"182":0,"183":1,"184":0,"185":0,"186":0,"187":0,"188":0,"189":0,"190":1,"191":0,"192":0,"193":0,"194":0,"195":0,"196":0,"197":0,"198":1,"199":0,"200":0,"201":0,"202":0,"203":0,"204":0,"205":0,"206":1,"207":0,"208":0,"209":0,"210":0,"211":0,"212":0,"213":0,"214":0,"215":0,"216":1,"217":0,"218":0,"219":0,"220":0,"221":0,"222":0,"223":0,"224":0,"225":1,"226":0,"227":0,"228":0,"229":0,"230":0,"231":1,"232":0,"233":0,"234":0,"235":0,"236":0,"237":0,"238":0,"239":0,"240":0,"241":0,"242":0,"243":0,"244":1,"245":0,"246":0,"247":0,"248":0,"249":0,"250":0,"251":0,"252":0,"253":0,"254":0,"255":0,"256":0,"257":1,"258":0,"259":0,"260":0,"261":0,"262":1,"263":0,"264":0,"265":0,"266":0,"267":0,"268":0,"269":0,"270":0,"271":0,"272":0,"273":0,"274":0,"275":0,"276":0,"277":0,"278":0,"279":1,"280":0,"281":0,"282":0,"283":0,"284":1,"285":0,"286":0,"287":0,"288":0},"b":{"1":[0,0],"2":[0,0],"3":[0,0],"4":[0,0],"5":[0,0,0,0,0,0,0,0,0,0,0,0,0,0,0,0,0,0,0,0,0,0,0,0,0,0,0,0,0,0],"6":[0,0],"7":[0,0],"8":[0,0],"9":[0,0],"10":[0,0],"11":[0,0],"12":[0,0],"13":[0,0],"14":[0,0],"15":[0,0],"16":[0,0],"17":[0,0],"18":[0,0],"19":[0,0],"20":[0,0],"21":[0,0],"22":[0,0],"23":[0,0],"24":[0,0],"25":[0,0],"26":[0,0],"27":[0,0],"28":[0,0],"29":[0,0],"30":[0,0],"31":[0,0],"32":[0,0],"33":[0,0],"34":[0,0],"35":[0,0],"36":[0,0],"37":[0,0],"38":[0,0],"39":[0,0],"40":[0,0],"41":[0,0],"42":[0,0],"43":[0,0],"44":[0,0],"45":[0,0],"46":[0,0],"47":[0,0],"48":[0,0],"49":[0,0],"50":[0,0],"51":[0,0],"52":[0,0],"53":[0,0],"54":[0,0],"55":[0,0],"56":[0,0],"57":[0,0],"58":[0,0],"59":[0,0],"60":[0,0],"61":[0,0],"62":[0,0],"63":[0,0]},"f":{"1":0,"2":0,"3":0,"4":0,"5":0,"6":0,"7":0,"8":0,"9":0,"10":0,"11":0,"12":0,"13":0,"14":0,"15":0,"16":0,"17":0,"18":0,"19":0,"20":0,"21":0,"22":0,"23":0,"24":0,"25":0,"26":0,"27":0,"28":0,"29":0,"30":0,"31":0,"32":0,"33":0,"34":0,"35":0,"36":0,"37":0,"38":0,"39":0},"fnMap":{"1":{"name":"parser","line":45,"loc":{"start":{"line":45,"column":0},"end":{"line":45,"column":29}}},"2":{"name":"(anonymous_2)","line":67,"loc":{"start":{"line":67,"column":27},"end":{"line":67,"column":38}}},"3":{"name":"(anonymous_3)","line":111,"loc":{"start":{"line":111,"column":29},"end":{"line":111,"column":40}}},"4":{"name":"(anonymous_4)","line":125,"loc":{"start":{"line":125,"column":24},"end":{"line":125,"column":35}}},"5":{"name":"(anonymous_5)","line":136,"loc":{"start":{"line":136,"column":24},"end":{"line":136,"column":35}}},"6":{"name":"(anonymous_6)","line":148,"loc":{"start":{"line":148,"column":27},"end":{"line":148,"column":38}}},"7":{"name":"(anonymous_7)","line":160,"loc":{"start":{"line":160,"column":24},"end":{"line":160,"column":37}}},"8":{"name":"(anonymous_8)","line":170,"loc":{"start":{"line":170,"column":23},"end":{"line":170,"column":34}}},"9":{"name":"(anonymous_9)","line":179,"loc":{"start":{"line":179,"column":25},"end":{"line":179,"column":36}}},"10":{"name":"(anonymous_10)","line":191,"loc":{"start":{"line":191,"column":26},"end":{"line":191,"column":37}}},"11":{"name":"(anonymous_11)","line":203,"loc":{"start":{"line":203,"column":26},"end":{"line":203,"column":37}}},"12":{"name":"(anonymous_12)","line":215,"loc":{"start":{"line":215,"column":24},"end":{"line":215,"column":35}}},"13":{"name":"(anonymous_13)","line":227,"loc":{"start":{"line":227,"column":23},"end":{"line":227,"column":34}}},"14":{"name":"(anonymous_14)","line":239,"loc":{"start":{"line":239,"column":29},"end":{"line":239,"column":40}}},"15":{"name":"(anonymous_15)","line":255,"loc":{"start":{"line":255,"column":31},"end":{"line":255,"column":42}}},"16":{"name":"(anonymous_16)","line":268,"loc":{"start":{"line":268,"column":27},"end":{"line":268,"column":38}}},"17":{"name":"(anonymous_17)","line":283,"loc":{"start":{"line":283,"column":24},"end":{"line":283,"column":35}}},"18":{"name":"(anonymous_18)","line":295,"loc":{"start":{"line":295,"column":25},"end":{"line":295,"column":36}}},"19":{"name":"(anonymous_19)","line":308,"loc":{"start":{"line":308,"column":24},"end":{"line":308,"column":35}}},"20":{"name":"(anonymous_20)","line":320,"loc":{"start":{"line":320,"column":28},"end":{"line":320,"column":39}}},"21":{"name":"(anonymous_21)","line":333,"loc":{"start":{"line":333,"column":30},"end":{"line":333,"column":41}}},"22":{"name":"(anonymous_22)","line":346,"loc":{"start":{"line":346,"column":26},"end":{"line":346,"column":37}}},"23":{"name":"(anonymous_23)","line":360,"loc":{"start":{"line":360,"column":24},"end":{"line":360,"column":52}}},"24":{"name":"(anonymous_24)","line":381,"loc":{"start":{"line":381,"column":28},"end":{"line":381,"column":45}}},"25":{"name":"(anonymous_25)","line":406,"loc":{"start":{"line":406,"column":29},"end":{"line":406,"column":40}}},"26":{"name":"(anonymous_26)","line":419,"loc":{"start":{"line":419,"column":28},"end":{"line":419,"column":39}}},"27":{"name":"(anonymous_27)","line":432,"loc":{"start":{"line":432,"column":24},"end":{"line":432,"column":35}}},"28":{"name":"(anonymous_28)","line":446,"loc":{"start":{"line":446,"column":28},"end":{"line":446,"column":39}}},"29":{"name":"(anonymous_29)","line":460,"loc":{"start":{"line":460,"column":25},"end":{"line":460,"column":36}}},"30":{"name":"(anonymous_30)","line":475,"loc":{"start":{"line":475,"column":27},"end":{"line":475,"column":38}}},"31":{"name":"(anonymous_31)","line":490,"loc":{"start":{"line":490,"column":29},"end":{"line":490,"column":40}}},"32":{"name":"(anonymous_32)","line":509,"loc":{"start":{"line":509,"column":27},"end":{"line":509,"column":38}}},"33":{"name":"(anonymous_33)","line":524,"loc":{"start":{"line":524,"column":27},"end":{"line":524,"column":38}}},"34":{"name":"(anonymous_34)","line":537,"loc":{"start":{"line":537,"column":25},"end":{"line":537,"column":36}}},"35":{"name":"(anonymous_35)","line":562,"loc":{"start":{"line":562,"column":24},"end":{"line":562,"column":35}}},"36":{"name":"(anonymous_36)","line":587,"loc":{"start":{"line":587,"column":23},"end":{"line":587,"column":34}}},"37":{"name":"(anonymous_37)","line":599,"loc":{"start":{"line":599,"column":26},"end":{"line":599,"column":37}}},"38":{"name":"(anonymous_38)","line":627,"loc":{"start":{"line":627,"column":26},"end":{"line":627,"column":37}}},"39":{"name":"(anonymous_39)","line":639,"loc":{"start":{"line":639,"column":25},"end":{"line":639,"column":36}}}},"statementMap":{"1":{"start":{"line":5,"column":0},"end":{"line":5,"column":43}},"2":{"start":{"line":6,"column":0},"end":{"line":6,"column":28}},"3":{"start":{"line":7,"column":0},"end":{"line":7,"column":28}},"4":{"start":{"line":13,"column":0},"end":{"line":13,"column":90}},"5":{"start":{"line":14,"column":0},"end":{"line":15,"column":49}},"6":{"start":{"line":22,"column":0},"end":{"line":22,"column":71}},"7":{"start":{"line":23,"column":0},"end":{"line":23,"column":62}},"8":{"start":{"line":24,"column":0},"end":{"line":24,"column":33}},"9":{"start":{"line":25,"column":0},"end":{"line":25,"column":102}},"10":{"start":{"line":26,"column":0},"end":{"line":26,"column":142}},"11":{"start":{"line":27,"column":0},"end":{"line":27,"column":39}},"12":{"start":{"line":28,"column":0},"end":{"line":28,"column":68}},"13":{"start":{"line":29,"column":0},"end":{"line":29,"column":78}},"14":{"start":{"line":35,"column":0},"end":{"line":35,"column":24}},"15":{"start":{"line":45,"column":0},"end":{"line":61,"column":1}},"16":{"start":{"line":47,"column":2},"end":{"line":47,"column":17}},"17":{"start":{"line":48,"column":2},"end":{"line":48,"column":63}},"18":{"start":{"line":48,"column":32},"end":{"line":48,"column":63}},"19":{"start":{"line":49,"column":2},"end":{"line":49,"column":56}},"20":{"start":{"line":49,"column":32},"end":{"line":49,"column":56}},"21":{"start":{"line":50,"column":2},"end":{"line":50,"column":29}},"22":{"start":{"line":51,"column":2},"end":{"line":51,"column":26}},"23":{"start":{"line":52,"column":2},"end":{"line":52,"column":22}},"24":{"start":{"line":53,"column":2},"end":{"line":53,"column":31}},"25":{"start":{"line":54,"column":2},"end":{"line":54,"column":18}},"26":{"start":{"line":55,"column":2},"end":{"line":55,"column":19}},"27":{"start":{"line":56,"column":2},"end":{"line":56,"column":35}},"28":{"start":{"line":57,"column":2},"end":{"line":57,"column":33}},"29":{"start":{"line":58,"column":2},"end":{"line":58,"column":19}},"30":{"start":{"line":59,"column":2},"end":{"line":59,"column":59}},"31":{"start":{"line":59,"column":27},"end":{"line":59,"column":59}},"32":{"start":{"line":60,"column":2},"end":{"line":60,"column":24}},"33":{"start":{"line":67,"column":0},"end":{"line":101,"column":2}},"34":{"start":{"line":68,"column":2},"end":{"line":97,"column":20}},"35":{"start":{"line":99,"column":2},"end":{"line":99,"column":24}},"36":{"start":{"line":100,"column":2},"end":{"line":100,"column":13}},"37":{"start":{"line":111,"column":0},"end":{"line":116,"column":2}},"38":{"start":{"line":112,"column":2},"end":{"line":112,"column":36}},"39":{"start":{"line":113,"column":2},"end":{"line":113,"column":45}},"40":{"start":{"line":113,"column":18},"end":{"line":113,"column":45}},"41":{"start":{"line":114,"column":2},"end":{"line":114,"column":54}},"42":{"start":{"line":114,"column":22},"end":{"line":114,"column":54}},"43":{"start":{"line":115,"column":2},"end":{"line":115,"column":25}},"44":{"start":{"line":125,"column":0},"end":{"line":127,"column":2}},"45":{"start":{"line":126,"column":2},"end":{"line":126,"column":27}},"46":{"start":{"line":136,"column":0},"end":{"line":139,"column":2}},"47":{"start":{"line":137,"column":2},"end":{"line":137,"column":45}},"48":{"start":{"line":138,"column":2},"end":{"line":138,"column":13}},"49":{"start":{"line":148,"column":0},"end":{"line":151,"column":2}},"50":{"start":{"line":149,"column":2},"end":{"line":149,"column":35}},"51":{"start":{"line":150,"column":2},"end":{"line":150,"column":17}},"52":{"start":{"line":160,"column":0},"end":{"line":164,"column":2}},"53":{"start":{"line":161,"column":2},"end":{"line":163,"column":11}},"54":{"start":{"line":170,"column":0},"end":{"line":173,"column":2}},"55":{"start":{"line":171,"column":2},"end":{"line":171,"column":30}},"56":{"start":{"line":171,"column":23},"end":{"line":171,"column":30}},"57":{"start":{"line":172,"column":2},"end":{"line":172,"column":15}},"58":{"start":{"line":179,"column":0},"end":{"line":185,"column":2}},"59":{"start":{"line":180,"column":2},"end":{"line":180,"column":15}},"60":{"start":{"line":181,"column":2},"end":{"line":184,"column":3}},"61":{"start":{"line":182,"column":4},"end":{"line":182,"column":24}},"62":{"start":{"line":183,"column":4},"end":{"line":183,"column":26}},"63":{"start":{"line":191,"column":0},"end":{"line":197,"column":2}},"64":{"start":{"line":192,"column":2},"end":{"line":192,"column":15}},"65":{"start":{"line":193,"column":2},"end":{"line":196,"column":3}},"66":{"start":{"line":194,"column":4},"end":{"line":194,"column":24}},"67":{"start":{"line":195,"column":4},"end":{"line":195,"column":20}},"68":{"start":{"line":203,"column":0},"end":{"line":209,"column":2}},"69":{"start":{"line":204,"column":2},"end":{"line":204,"column":15}},"70":{"start":{"line":205,"column":2},"end":{"line":208,"column":3}},"71":{"start":{"line":206,"column":4},"end":{"line":206,"column":24}},"72":{"start":{"line":207,"column":4},"end":{"line":207,"column":20}},"73":{"start":{"line":215,"column":0},"end":{"line":221,"column":2}},"74":{"start":{"line":216,"column":2},"end":{"line":216,"column":15}},"75":{"start":{"line":217,"column":2},"end":{"line":220,"column":3}},"76":{"start":{"line":218,"column":4},"end":{"line":218,"column":24}},"77":{"start":{"line":219,"column":4},"end":{"line":219,"column":18}},"78":{"start":{"line":227,"column":0},"end":{"line":233,"column":2}},"79":{"start":{"line":228,"column":2},"end":{"line":228,"column":15}},"80":{"start":{"line":229,"column":2},"end":{"line":232,"column":3}},"81":{"start":{"line":230,"column":4},"end":{"line":230,"column":24}},"82":{"start":{"line":231,"column":4},"end":{"line":231,"column":17}},"83":{"start":{"line":239,"column":0},"end":{"line":248,"column":2}},"84":{"start":{"line":240,"column":2},"end":{"line":240,"column":15}},"85":{"start":{"line":241,"column":2},"end":{"line":241,"column":41}},"86":{"start":{"line":242,"column":2},"end":{"line":247,"column":3}},"87":{"start":{"line":243,"column":4},"end":{"line":243,"column":26}},"88":{"start":{"line":244,"column":4},"end":{"line":244,"column":24}},"89":{"start":{"line":245,"column":4},"end":{"line":245,"column":22}},"90":{"start":{"line":246,"column":4},"end":{"line":246,"column":23}},"91":{"start":{"line":255,"column":0},"end":{"line":265,"column":2}},"92":{"start":{"line":256,"column":2},"end":{"line":256,"column":15}},"93":{"start":{"line":257,"column":2},"end":{"line":264,"column":3}},"94":{"start":{"line":258,"column":4},"end":{"line":258,"column":25}},"95":{"start":{"line":259,"column":4},"end":{"line":259,"column":28}},"96":{"start":{"line":260,"column":4},"end":{"line":260,"column":53}},"97":{"start":{"line":261,"column":4},"end":{"line":261,"column":51}},"98":{"start":{"line":261,"column":13},"end":{"line":261,"column":51}},"99":{"start":{"line":262,"column":4},"end":{"line":262,"column":24}},"100":{"start":{"line":263,"column":4},"end":{"line":263,"column":23}},"101":{"start":{"line":268,"column":0},"end":{"line":277,"column":2}},"102":{"start":{"line":269,"column":2},"end":{"line":269,"column":15}},"103":{"start":{"line":270,"column":2},"end":{"line":276,"column":3}},"104":{"start":{"line":271,"column":4},"end":{"line":271,"column":26}},"105":{"start":{"line":272,"column":4},"end":{"line":272,"column":26}},"106":{"start":{"line":273,"column":4},"end":{"line":273,"column":25}},"107":{"start":{"line":274,"column":4},"end":{"line":274,"column":24}},"108":{"start":{"line":275,"column":4},"end":{"line":275,"column":21}},"109":{"start":{"line":283,"column":0},"end":{"line":289,"column":2}},"110":{"start":{"line":284,"column":2},"end":{"line":284,"column":15}},"111":{"start":{"line":285,"column":2},"end":{"line":288,"column":3}},"112":{"start":{"line":286,"column":4},"end":{"line":286,"column":24}},"113":{"start":{"line":287,"column":4},"end":{"line":287,"column":18}},"114":{"start":{"line":295,"column":0},"end":{"line":302,"column":2}},"115":{"start":{"line":296,"column":2},"end":{"line":296,"column":15}},"116":{"start":{"line":297,"column":2},"end":{"line":300,"column":3}},"117":{"start":{"line":298,"column":4},"end":{"line":298,"column":24}},"118":{"start":{"line":299,"column":4},"end":{"line":299,"column":19}},"119":{"start":{"line":308,"column":0},"end":{"line":314,"column":2}},"120":{"start":{"line":309,"column":2},"end":{"line":309,"column":15}},"121":{"start":{"line":310,"column":2},"end":{"line":313,"column":3}},"122":{"start":{"line":311,"column":4},"end":{"line":311,"column":24}},"123":{"start":{"line":312,"column":4},"end":{"line":312,"column":18}},"124":{"start":{"line":320,"column":0},"end":{"line":327,"column":2}},"125":{"start":{"line":321,"column":2},"end":{"line":321,"column":15}},"126":{"start":{"line":322,"column":2},"end":{"line":326,"column":3}},"127":{"start":{"line":323,"column":4},"end":{"line":323,"column":24}},"128":{"start":{"line":324,"column":4},"end":{"line":324,"column":66}},"129":{"start":{"line":325,"column":4},"end":{"line":325,"column":22}},"130":{"start":{"line":333,"column":0},"end":{"line":340,"column":2}},"131":{"start":{"line":334,"column":2},"end":{"line":334,"column":15}},"132":{"start":{"line":335,"column":2},"end":{"line":339,"column":3}},"133":{"start":{"line":336,"column":4},"end":{"line":336,"column":24}},"134":{"start":{"line":337,"column":4},"end":{"line":337,"column":69}},"135":{"start":{"line":338,"column":4},"end":{"line":338,"column":24}},"136":{"start":{"line":346,"column":0},"end":{"line":354,"column":2}},"137":{"start":{"line":347,"column":2},"end":{"line":347,"column":15}},"138":{"start":{"line":348,"column":2},"end":{"line":353,"column":3}},"139":{"start":{"line":349,"column":4},"end":{"line":349,"column":24}},"140":{"start":{"line":350,"column":4},"end":{"line":350,"column":49}},"141":{"start":{"line":351,"column":4},"end":{"line":351,"column":26}},"142":{"start":{"line":352,"column":4},"end":{"line":352,"column":20}},"143":{"start":{"line":360,"column":0},"end":{"line":373,"column":2}},"144":{"start":{"line":361,"column":2},"end":{"line":361,"column":20}},"145":{"start":{"line":362,"column":2},"end":{"line":362,"column":25}},"146":{"start":{"line":364,"column":2},"end":{"line":368,"column":3}},"147":{"start":{"line":366,"column":4},"end":{"line":366,"column":51}},"148":{"start":{"line":367,"column":4},"end":{"line":367,"column":46}},"149":{"start":{"line":370,"column":2},"end":{"line":370,"column":47}},"150":{"start":{"line":371,"column":2},"end":{"line":371,"column":47}},"151":{"start":{"line":372,"column":2},"end":{"line":372,"column":18}},"152":{"start":{"line":381,"column":0},"end":{"line":400,"column":2}},"153":{"start":{"line":382,"column":2},"end":{"line":382,"column":20}},"154":{"start":{"line":383,"column":2},"end":{"line":383,"column":27}},"155":{"start":{"line":385,"column":2},"end":{"line":385,"column":56}},"156":{"start":{"line":385,"column":44},"end":{"line":385,"column":56}},"157":{"start":{"line":388,"column":2},"end":{"line":397,"column":3}},"158":{"start":{"line":389,"column":4},"end":{"line":389,"column":13}},"159":{"start":{"line":390,"column":9},"end":{"line":397,"column":3}},"160":{"start":{"line":392,"column":4},"end":{"line":396,"column":5}},"161":{"start":{"line":393,"column":6},"end":{"line":393,"column":15}},"162":{"start":{"line":395,"column":6},"end":{"line":395,"column":15}},"163":{"start":{"line":399,"column":2},"end":{"line":399,"column":14}},"164":{"start":{"line":406,"column":0},"end":{"line":413,"column":2}},"165":{"start":{"line":407,"column":2},"end":{"line":407,"column":15}},"166":{"start":{"line":408,"column":2},"end":{"line":412,"column":3}},"167":{"start":{"line":409,"column":4},"end":{"line":409,"column":24}},"168":{"start":{"line":410,"column":4},"end":{"line":410,"column":22}},"169":{"start":{"line":411,"column":4},"end":{"line":411,"column":23}},"170":{"start":{"line":419,"column":0},"end":{"line":426,"column":2}},"171":{"start":{"line":420,"column":2},"end":{"line":420,"column":15}},"172":{"start":{"line":421,"column":2},"end":{"line":425,"column":3}},"173":{"start":{"line":422,"column":4},"end":{"line":422,"column":24}},"174":{"start":{"line":423,"column":4},"end":{"line":423,"column":21}},"175":{"start":{"line":424,"column":4},"end":{"line":424,"column":22}},"176":{"start":{"line":432,"column":0},"end":{"line":440,"column":2}},"177":{"start":{"line":433,"column":2},"end":{"line":433,"column":15}},"178":{"start":{"line":434,"column":2},"end":{"line":439,"column":3}},"179":{"start":{"line":435,"column":4},"end":{"line":435,"column":24}},"180":{"start":{"line":436,"column":4},"end":{"line":436,"column":35}},"181":{"start":{"line":437,"column":4},"end":{"line":437,"column":38}},"182":{"start":{"line":438,"column":4},"end":{"line":438,"column":18}},"183":{"start":{"line":446,"column":0},"end":{"line":454,"column":2}},"184":{"start":{"line":447,"column":2},"end":{"line":447,"column":15}},"185":{"start":{"line":448,"column":2},"end":{"line":453,"column":3}},"186":{"start":{"line":449,"column":4},"end":{"line":449,"column":24}},"187":{"start":{"line":450,"column":4},"end":{"line":450,"column":35}},"188":{"start":{"line":451,"column":4},"end":{"line":451,"column":37}},"189":{"start":{"line":452,"column":4},"end":{"line":452,"column":22}},"190":{"start":{"line":460,"column":0},"end":{"line":469,"column":2}},"191":{"start":{"line":461,"column":2},"end":{"line":461,"column":15}},"192":{"start":{"line":462,"column":2},"end":{"line":468,"column":3}},"193":{"start":{"line":463,"column":4},"end":{"line":463,"column":24}},"194":{"start":{"line":464,"column":4},"end":{"line":464,"column":26}},"195":{"start":{"line":465,"column":4},"end":{"line":465,"column":35}},"196":{"start":{"line":466,"column":4},"end":{"line":466,"column":38}},"197":{"start":{"line":467,"column":4},"end":{"line":467,"column":18}},"198":{"start":{"line":475,"column":0},"end":{"line":484,"column":2}},"199":{"start":{"line":476,"column":2},"end":{"line":476,"column":15}},"200":{"start":{"line":477,"column":2},"end":{"line":483,"column":3}},"201":{"start":{"line":478,"column":4},"end":{"line":478,"column":24}},"202":{"start":{"line":479,"column":4},"end":{"line":479,"column":26}},"203":{"start":{"line":480,"column":4},"end":{"line":480,"column":35}},"204":{"start":{"line":481,"column":4},"end":{"line":481,"column":38}},"205":{"start":{"line":482,"column":4},"end":{"line":482,"column":20}},"206":{"start":{"line":490,"column":0},"end":{"line":502,"column":2}},"207":{"start":{"line":491,"column":2},"end":{"line":491,"column":15}},"208":{"start":{"line":492,"column":2},"end":{"line":501,"column":3}},"209":{"start":{"line":493,"column":4},"end":{"line":493,"column":24}},"210":{"start":{"line":494,"column":4},"end":{"line":494,"column":26}},"211":{"start":{"line":495,"column":4},"end":{"line":495,"column":35}},"212":{"start":{"line":497,"column":4},"end":{"line":497,"column":55}},"213":{"start":{"line":497,"column":36},"end":{"line":497,"column":55}},"214":{"start":{"line":499,"column":4},"end":{"line":499,"column":38}},"215":{"start":{"line":500,"column":4},"end":{"line":500,"column":23}},"216":{"start":{"line":509,"column":0},"end":{"line":518,"column":2}},"217":{"start":{"line":510,"column":2},"end":{"line":510,"column":15}},"218":{"start":{"line":511,"column":2},"end":{"line":517,"column":3}},"219":{"start":{"line":512,"column":4},"end":{"line":512,"column":24}},"220":{"start":{"line":513,"column":4},"end":{"line":513,"column":26}},"221":{"start":{"line":514,"column":4},"end":{"line":514,"column":35}},"222":{"start":{"line":515,"column":4},"end":{"line":515,"column":70}},"223":{"start":{"line":515,"column":37},"end":{"line":515,"column":70}},"224":{"start":{"line":516,"column":4},"end":{"line":516,"column":21}},"225":{"start":{"line":524,"column":0},"end":{"line":531,"column":2}},"226":{"start":{"line":525,"column":2},"end":{"line":525,"column":15}},"227":{"start":{"line":526,"column":2},"end":{"line":530,"column":3}},"228":{"start":{"line":527,"column":4},"end":{"line":527,"column":24}},"229":{"start":{"line":528,"column":4},"end":{"line":528,"column":26}},"230":{"start":{"line":529,"column":4},"end":{"line":529,"column":21}},"231":{"start":{"line":537,"column":0},"end":{"line":556,"column":2}},"232":{"start":{"line":538,"column":2},"end":{"line":538,"column":15}},"233":{"start":{"line":539,"column":2},"end":{"line":555,"column":3}},"234":{"start":{"line":540,"column":4},"end":{"line":540,"column":24}},"235":{"start":{"line":541,"column":4},"end":{"line":541,"column":37}},"236":{"start":{"line":542,"column":4},"end":{"line":542,"column":26}},"237":{"start":{"line":545,"column":4},"end":{"line":552,"column":5}},"238":{"start":{"line":546,"column":6},"end":{"line":546,"column":18}},"239":{"start":{"line":548,"column":6},"end":{"line":548,"column":26}},"240":{"start":{"line":549,"column":6},"end":{"line":549,"column":24}},"241":{"start":{"line":550,"column":11},"end":{"line":552,"column":5}},"242":{"start":{"line":551,"column":6},"end":{"line":551,"column":23}},"243":{"start":{"line":554,"column":4},"end":{"line":554,"column":18}},"244":{"start":{"line":562,"column":0},"end":{"line":581,"column":2}},"245":{"start":{"line":563,"column":2},"end":{"line":563,"column":15}},"246":{"start":{"line":564,"column":2},"end":{"line":580,"column":3}},"247":{"start":{"line":565,"column":4},"end":{"line":565,"column":24}},"248":{"start":{"line":566,"column":4},"end":{"line":566,"column":37}},"249":{"start":{"line":567,"column":4},"end":{"line":567,"column":26}},"250":{"start":{"line":570,"column":4},"end":{"line":577,"column":5}},"251":{"start":{"line":571,"column":6},"end":{"line":571,"column":18}},"252":{"start":{"line":573,"column":6},"end":{"line":573,"column":26}},"253":{"start":{"line":574,"column":6},"end":{"line":574,"column":25}},"254":{"start":{"line":575,"column":11},"end":{"line":577,"column":5}},"255":{"start":{"line":576,"column":6},"end":{"line":576,"column":24}},"256":{"start":{"line":579,"column":4},"end":{"line":579,"column":18}},"257":{"start":{"line":587,"column":0},"end":{"line":593,"column":2}},"258":{"start":{"line":588,"column":2},"end":{"line":588,"column":15}},"259":{"start":{"line":589,"column":2},"end":{"line":592,"column":3}},"260":{"start":{"line":590,"column":4},"end":{"line":590,"column":24}},"261":{"start":{"line":591,"column":4},"end":{"line":591,"column":17}},"262":{"start":{"line":599,"column":0},"end":{"line":621,"column":2}},"263":{"start":{"line":600,"column":2},"end":{"line":600,"column":15}},"264":{"start":{"line":601,"column":2},"end":{"line":620,"column":3}},"265":{"start":{"line":602,"column":4},"end":{"line":602,"column":24}},"266":{"start":{"line":603,"column":4},"end":{"line":603,"column":24}},"267":{"start":{"line":604,"column":4},"end":{"line":604,"column":26}},"268":{"start":{"line":607,"column":4},"end":{"line":617,"column":5}},"269":{"start":{"line":608,"column":6},"end":{"line":608,"column":39}},"270":{"start":{"line":608,"column":32},"end":{"line":608,"column":39}},"271":{"start":{"line":609,"column":6},"end":{"line":609,"column":24}},"272":{"start":{"line":610,"column":11},"end":{"line":617,"column":5}},"273":{"start":{"line":612,"column":6},"end":{"line":612,"column":41}},"274":{"start":{"line":613,"column":6},"end":{"line":613,"column":28}},"275":{"start":{"line":614,"column":11},"end":{"line":617,"column":5}},"276":{"start":{"line":615,"column":6},"end":{"line":615,"column":41}},"277":{"start":{"line":616,"column":6},"end":{"line":616,"column":28}},"278":{"start":{"line":619,"column":4},"end":{"line":619,"column":20}},"279":{"start":{"line":627,"column":0},"end":{"line":633,"column":2}},"280":{"start":{"line":628,"column":2},"end":{"line":628,"column":15}},"281":{"start":{"line":629,"column":2},"end":{"line":632,"column":3}},"282":{"start":{"line":630,"column":4},"end":{"line":630,"column":24}},"283":{"start":{"line":631,"column":4},"end":{"line":631,"column":20}},"284":{"start":{"line":639,"column":0},"end":{"line":645,"column":2}},"285":{"start":{"line":640,"column":2},"end":{"line":640,"column":15}},"286":{"start":{"line":641,"column":2},"end":{"line":644,"column":3}},"287":{"start":{"line":642,"column":4},"end":{"line":642,"column":24}},"288":{"start":{"line":643,"column":4},"end":{"line":643,"column":19}}},"branchMap":{"1":{"line":48,"type":"if","locations":[{"start":{"line":48,"column":2},"end":{"line":48,"column":2}},{"start":{"line":48,"column":2},"end":{"line":48,"column":2}}]},"2":{"line":49,"type":"if","locations":[{"start":{"line":49,"column":2},"end":{"line":49,"column":2}},{"start":{"line":49,"column":2},"end":{"line":49,"column":2}}]},"3":{"line":50,"type":"binary-expr","locations":[{"start":{"line":50,"column":10},"end":{"line":50,"column":16}},{"start":{"line":50,"column":20},"end":{"line":50,"column":28}}]},"4":{"line":59,"type":"if","locations":[{"start":{"line":59,"column":2},"end":{"line":59,"column":2}},{"start":{"line":59,"column":2},"end":{"line":59,"column":2}}]},"5":{"line":68,"type":"binary-expr","locations":[{"start":{"line":68,"column":12},"end":{"line":68,"column":22}},{"start":{"line":69,"column":7},"end":{"line":69,"column":19}},{"start":{"line":70,"column":7},"end":{"line":70,"column":19}},{"start":{"line":71,"column":7},"end":{"line":71,"column":18}},{"start":{"line":72,"column":7},"end":{"line":72,"column":23}},{"start":{"line":73,"column":7},"end":{"line":73,"column":25}},{"start":{"line":74,"column":7},"end":{"line":74,"column":21}},{"start":{"line":75,"column":7},"end":{"line":75,"column":17}},{"start":{"line":76,"column":7},"end":{"line":76,"column":23}},{"start":{"line":77,"column":7},"end":{"line":77,"column":22}},{"start":{"line":78,"column":7},"end":{"line":78,"column":18}},{"start":{"line":79,"column":7},"end":{"line":79,"column":22}},{"start":{"line":80,"column":7},"end":{"line":80,"co
[...]
:{"line":145,"column":41}},"53":{"start":{"line":146,"column":12},"end":{"line":146,"column":46}},"54":{"start":{"line":147,"column":12},"end":{"line":147,"column":55}},"55":{"start":{"line":149,"column":12},"end":{"line":149,"column":18}},"56":{"start":{"line":153,"column":10},"end":{"line":153,"column":16}},"57":{"start":{"line":157,"column":6},"end":{"line":169,"column":7}},"58":{"start":{"line":158,"column":8},"end":{"line":168,"column":9}},"59":{"start":{"line":159,"column":10},"end":{"line":165,"column":11}},"60":{"start":{"line":161,"column":12},"end":{"line":161,"column":18}},"61":{"start":{"line":164,"column":12},"end":{"line":164,"column":50}},"62":{"start":{"line":167,"column":10},"end":{"line":167,"column":16}},"63":{"start":{"line":171,"column":6},"end":{"line":175,"column":7}},"64":{"start":{"line":172,"column":8},"end":{"line":172,"column":33}},"65":{"start":{"line":174,"column":8},"end":{"line":174,"column":29}},"66":{"start":{"line":176,"column":6},"end":{"line":176,"column":15}},"67":{"start":{"line":179,"column":2},"end":{"line":179,"column":54}},"68":{"start":{"line":188,"column":0},"end":{"line":215,"column":1}},"69":{"start":{"line":189,"column":2},"end":{"line":189,"column":13}},"70":{"start":{"line":190,"column":2},"end":{"line":211,"column":3}},"71":{"start":{"line":192,"column":4},"end":{"line":192,"column":36}},"72":{"start":{"line":193,"column":4},"end":{"line":193,"column":36}},"73":{"start":{"line":194,"column":4},"end":{"line":194,"column":52}},"74":{"start":{"line":195,"column":9},"end":{"line":211,"column":3}},"75":{"start":{"line":197,"column":4},"end":{"line":197,"column":36}},"76":{"start":{"line":198,"column":4},"end":{"line":198,"column":36}},"77":{"start":{"line":199,"column":4},"end":{"line":199,"column":52}},"78":{"start":{"line":200,"column":9},"end":{"line":211,"column":3}},"79":{"start":{"line":202,"column":4},"end":{"line":202,"column":34}},"80":{"start":{"line":204,"column":4},"end":{"line":204,"column":31}},"81":{"start":{"line":205,"column":9},"end":{"line":211,"column":3}},"82":{"start":{"line":207,"column":4},"end":{"line":207,"column":56}},"83":{"start":{"line":210,"column":4},"end":{"line":210,"column":14}},"84":{"start":{"line":213,"column":2},"end":{"line":213,"column":46}},"85":{"start":{"line":214,"column":2},"end":{"line":214,"column":12}},"86":{"start":{"line":228,"column":0},"end":{"line":236,"column":1}},"87":{"start":{"line":229,"column":2},"end":{"line":231,"column":4}},"88":{"start":{"line":230,"column":4},"end":{"line":230,"column":28}},"89":{"start":{"line":232,"column":2},"end":{"line":232,"column":45}},"90":{"start":{"line":233,"column":2},"end":{"line":233,"column":27}},"91":{"start":{"line":234,"column":2},"end":{"line":234,"column":45}},"92":{"start":{"line":235,"column":2},"end":{"line":235,"column":14}},"93":{"start":{"line":243,"column":0},"end":{"line":248,"column":1}},"94":{"start":{"line":244,"column":2},"end":{"line":244,"column":44}},"95":{"start":{"line":246,"column":2},"end":{"line":246,"column":78}},"96":{"start":{"line":247,"column":2},"end":{"line":247,"column":33}},"97":{"start":{"line":261,"column":0},"end":{"line":267,"column":1}},"98":{"start":{"line":262,"column":2},"end":{"line":265,"column":4}},"99":{"start":{"line":263,"column":4},"end":{"line":263,"column":55}},"100":{"start":{"line":264,"column":4},"end":{"line":264,"column":32}},"101":{"start":{"line":266,"column":2},"end":{"line":266,"column":13}}},"branchMap":{"1":{"line":51,"type":"if","locations":[{"start":{"line":51,"column":4},"end":{"line":51,"column":4}},{"start":{"line":51,"column":4},"end":{"line":51,"column":4}}]},"2":{"line":56,"type":"binary-expr","locations":[{"start":{"line":56,"column":29},"end":{"line":56,"column":42}},{"start":{"line":56,"column":46},"end":{"line":56,"column":48}}]},"3":{"line":59,"type":"if","locations":[{"start":{"line":59,"column":4},"end":{"line":59,"column":4}},{"start":{"line":59,"column":4},"end":{"line":59,"column":4}}]},"4":{"line":59,"type":"binary-expr","locations":[{"start":{"line":59,"column":8},"end":{"line":59,"column":27}},{"start":{"line":59,"column":31},"end":{"line":59,"column":50}}]},"5":{"line":90,"type":"if","locations":[{"start":{"line":90,"column":4},"end":{"line":90,"column":4}},{"start":{"line":90,"column":4},"end":{"line":90,"column":4}}]},"6":{"line":95,"type":"binary-expr","locations":[{"start":{"line":95,"column":10},"end":{"line":95,"column":19}},{"start":{"line":95,"column":23},"end":{"line":95,"column":26}}]},"7":{"line":143,"type":"if","locations":[{"start":{"line":143,"column":10},"end":{"line":143,"column":10}},{"start":{"line":143,"column":10},"end":{"line":143,"column":10}}]},"8":{"line":159,"type":"if","locations":[{"start":{"line":159,"column":10},"end":{"line":159,"column":10}},{"start":{"line":159,"column":10},"end":{"line":159,"column":10}}]},"9":{"line":171,"type":"if","locations":[{"start":{"line":171,"column":6},"end":{"line":171,"column":6}},{"start":{"line":171,"column":6},"end":{"line":171,"column":6}}]},"10":{"line":171,"type":"binary-expr","locations":[{"start":{"line":171,"column":10},"end":{"line":171,"column":25}},{"start":{"line":171,"column":29},"end":{"line":171,"column":51}}]},"11":{"line":190,"type":"if","locations":[{"start":{"line":190,"column":2},"end":{"line":190,"column":2}},{"start":{"line":190,"column":2},"end":{"line":190,"column":2}}]},"12":{"line":195,"type":"if","locations":[{"start":{"line":195,"column":9},"end":{"line":195,"column":9}},{"start":{"line":195,"column":9},"end":{"line":195,"column":9}}]},"13":{"line":200,"type":"if","locations":[{"start":{"line":200,"column":9},"end":{"line":200,"column":9}},{"start":{"line":200,"column":9},"end":{"line":200,"column":9}}]},"14":{"line":205,"type":"if","locations":[{"start":{"line":205,"column":9},"end":{"line":205,"column":9}},{"start":{"line":205,"column":9},"end":{"line":205,"column":9}}]},"15":{"line":207,"type":"binary-expr","locations":[{"start":{"line":207,"column":45},"end":{"line":207,"column":49}},{"start":{"line":207,"column":53},"end":{"line":207,"column":55}}]},"16":{"line":232,"type":"cond-expr","locations":[{"start":{"line":232,"column":23},"end":{"line":232,"column":39}},{"start":{"line":232,"column":42},"end":{"line":232,"column":44}}]},"17":{"line":234,"type":"cond-expr","locations":[{"start":{"line":234,"column":23},"end":{"line":234,"column":39}},{"start":{"line":234,"column":42},"end":{"line":234,"column":44}}]}},"code":["// Module to normalize a string before parsing: map inflection words into their lemmas, using maps.json","","/**"," * Module Dependencies"," */","","var maps = require('./maps.json')","var util = require('./util')","var _ = require('./subdash')","","/**"," * Export `norm`"," */","","module.exports = norm","","/**"," * Regexes for Subnormal forms"," */","","var re = {","  // 12/20 - 12/21, 2012/12 - 2013/12","  MMsDDdMMsDD: /(?!\\d{1,4}\\/\\d{1,4}\\s*-\\s*\\d{1,4}\\/\\d{1,4}\\/)(\\d{1,4})\\/(\\d{1,4})\\s*-\\s*(\\d{1,4})\\/(\\d{1,4})/g,","  // 12/22 - 23, 2012/10 - 12","  MMsDDdDD: /(?!\\d{1,4}\\/\\d{1,4}\\s*-\\s*\\d{1,4}\\/)(\\d{1,4})\\/(\\d{1,4})\\s*-\\s*(\\d{1,4})/g,","  // 12/24, 2012/12","  MMsDD: /(?!\\d{1,4}\\/\\d{1,4}\\/)(\\d{1,4})\\/(\\d{1,4})/g,","  // 05:30pm, 0530pm, 1730, 1730pm, 1730[re:h], remove the [re:h]","  hhcmm: /(\\s+\\d{1,2}|^\\d{1,2})\\:?(\\d{2})\\s*(\\S+)*/g","}","","/**"," * Return the normalized string."," * Algo: Parse and get norm a string into array of valid CFG symbols, in these steps:"," * 1. parse normal forms"," * 2. parse subnormal forms"," * 3. parse english forms"," * @param  {string} str The input string."," * @return {string}     Normalized string"," */","function norm(str) {","  str = (' ' + str).replace(/\\s+(\\d+)([a-zA-Z]+)/g, ' $1 $2').replace(/\\s+/g, ' ').replace(/^\\s/, '').replace(/^\\s/, '')","  var pStr = parseNormalSubnormal(str)","  var tokens = pStr.split(' ');","  // 3. parse english forms","  // var symbols = _.map(tokens, lemma)","  var skip = false;","  var symbols = [];","  _.each(tokens, function(tok, i) {","    // skip this once, reset skip","    if (skip) {","      skip = false;","      return 1;","    }","    var oneGram = tok,","      twoGram = tok + ' ' + (tokens[i + 1] || ''),","      oneLemma = lemma(oneGram),","      twoLemma = lemma(twoGram);","    if (twoLemma != twoGram && oneLemma != oneGram) {","      // if lemmatization must happen for both,","      // pick the longer, skip next token","      skip = true;","      symbols.push(twoLemma);","    } else {","      symbols.push(oneLemma);","    }","  })","  return symbols.join(' ')","}","// var str = \"an seven hour 7h 05 October 2011 14:48 UTC 08/11 2020 2012/12 event is at tonight 12/20- 23 12/22 - 12/23 12/22 - 12/25 05:30h 17:30h 1730 1730pm 5pm 1st\"","// var str = '2nd day of January 12:30'","// console.log(norm(str))","","","/**"," * Return the lemma symbol of a word string, i.e. the name and value of the symbol it belongs to in the CFG. Uses ./maps.json."," * NLP Lemmatization refers here: htp://nlp.stanford.edu/Ir-book/html/htmledition/stemming-and-lemmatization-1.html. Inflections = all possible alternative words of a lemma."," * @param  {string} str the word to lemmatize."," * @return {JSON}     the lemma symbol {name, value} for CFG"," * @example"," * lemma('zero')"," * // => { value: '0', name: 'n' }[value]"," */","function lemma(str) {","  var lem = {}","  var name = _.findKey(maps, function(sMap) {","    var value = _.findKey(sMap, function(inflectionArr) {","      return _.includes(inflectionArr, str)","    })","    if (value) { lem['value'] = value };","    return value","  })","  lem['name'] = name;","  // return lemma or the original of not lemmatized","  return (lem.value || str)","}","","/**"," * Run 1. parseNormal then 2. parseSubnormal, return the parsed string with T-format tokens."," * @private"," * @param  {string} str The input string"," * @return {string}     Parsed string"," */","function parseNormalSubnormal(str) {","  var p1 = parseNormal(str);","  var ntokens = _.filter(p1.dateStrArr, notSubnormal)","    // the proper, 1st parsed normal string","  var p1Str = injectNormal(str, ntokens)","  var p2Str = parseSubnormal(p1Str)","  return p2Str","}","","/**"," * 1. Parse normal forms. Try to parse and return a normal Date, parseable from new Date(str), by continuously trimming off its tail and retry until either get a valid date, or string runs out."," * Doesn't parse string with length <5"," * @private"," * @param  {string} str The input string."," * @return {string}     A Date in ISO string, or null."," */","function parseNormal(str) {","  // keep chopping off tail until either get a valid date, or string runs out","  // array of parsed date and the string consumed","  var dateArr = [],","    dateStrArr = [];","  // ensure single spacing","  str = str.replace(/\\s+/g, ' ');","  // tokenize by space","  var strArr = str.split(/\\s+/g);","","  // init the normalDate and head string used","  var normalDate = null,","    head = '';","  // do while there's still string to go","  while (!_.isEmpty(strArr)) {","    head = _.trim(head + ' ' + strArr.shift());","    try {","      normalDate = new Date(head).toISOString();","      // Extend head: if parse successful, extend continuously until failure, then that's the longest parseable head string, ...<date>","      var advanceHead = head + ' ' + strArr[0]","      while (1) {","        try {","          var advanceDate = new Date(advanceHead).toISOString();","          if (advanceDate != 'Invalid Date') {","            // if advanceDate is parseable, set to current, update heads","            var normalDate = advanceDate;","            head = head + ' ' + strArr.shift()","            advanceHead = advanceHead + ' ' + strArr[0]","          } else {","            break;","          }","        } catch (e) {","          // when fail, just break","          break;","        }","      }","      // Shrink head: from the whole parseable head ...<date>, trim front till we get <date>","      while (1) {","        try {","          if (new Date(head.replace(/^\\s*\\S+\\s*/, '')).toISOString() != normalDate) {","            // front token eaten causes change, dont update head","            break;","          } else {","            // update head","            head = head.replace(/^\\s*\\S+\\s*/, '');","          }","        } catch (e) {","          break;","        }","      }","      // only consider a valid parse if the parsed str is long enough","      if (head.length > 4 && !/\\d+\\.\\d+/.exec(head)) {","        dateArr.push(normalDate);","        // get head = <date> only, then reset","        dateStrArr.push(head)","      }","      head = ''","    } catch (e) {}","  }","  return { dateArr: dateArr, dateStrArr: dateStrArr };","}","","/**"," * 2. Parse subnormal forms after parseNormal. Gradually replace tokens of the input string while parseable."," * @private"," * @param  {string} str The input string."," * @return {string}     The parsed string."," */","function parseSubnormal(str) {","  var m, res;","  if (m = re.MMsDDdMMsDD.exec(str)) {","    // 12/20 - 12/21","    var yMd1 = yMdParse(m[1], m[2]);","    var yMd2 = yMdParse(m[3], m[4]);","    res = 't:' + yMd1 + ',dt: - t:' + yMd2 + ',dt: '","  } else if (m = re.MMsDDdDD.exec(str)) {","    // 12/22 - 23","    var yMd1 = yMdParse(m[1], m[2]);","    var yMd2 = yMdParse(m[1], m[3]);","    res = 't:' + yMd1 + ',dt: - t:' + yMd2 + ',dt: '","  } else if (m = re.MMsDD.exec(str)) {","    // if year","    var yMd = yMdParse(m[1], m[2])","      // 12/24","    res = 't:' + yMd1 + ',dt: '","  } else if (m = re.hhcmm.exec(str)) {","    // 05:30pm, 0530pm, 1730, 1730pm, 1730[re:h], remove the [re:h]","    res = ' ' + _.trim(m[1]) + \":\" + m[2] + (m[3] || '')","  } else {","    // exit recursion if hits here","    return str","  }","  // recurse down till no more substitution (CFG is not cyclic, so ok)","  str = parseSubnormal(str.replace(m[0], res))","  return str","}","","//////////////////////","// Helper functions //","//////////////////////","","/**"," * Try to parse two tokens for T form into MM/dd, or MM/yyyy if either token hsa length 4."," * @private"," * @param  {string} token1"," * @param  {string} token2"," * @return {string}        in the form <y><M><d>"," */","function yMdParse(token1, token2) {","  var part = _.partition([token1, token2], function(token) {","    return token.length == 4","  })","  var y = part[0][0] ? part[0][0] + 'y' : '';","  var M = part[1][0] + 'M';","  var d = part[1][1] ? part[1][1] + 'd' : '';","  return y+M+d","}","/**"," * Check if the dateStr is strictly normal and not subnormal. Used to extract parseSubnormal overrides."," * @private"," * @param  {string} dateStr"," * @return {Boolean}"," */","function notSubnormal(dateStr) {","  var subnormalStr = parseSubnormal(dateStr)","    // remove T and see if still has words","  var noT = subnormalStr.replace(/t\\:\\S*,dt\\:\\S*(\\s*-\\s*t\\:\\S*,dt\\:\\S*)?/, '')","  return /\\w+/g.exec(noT) != null","}","","/**"," * Given a string and array of its parsed phrases, convert them into T ISO UTC then T format, and inject into the original string, return."," * @private"," * @param  {string} str       The original string."," * @param  {Array} parsedArr The parsed phrases from the string."," * @return {string}           The string with parsed phrases replaced in T format."," *"," * @example"," * injectNormal('05 October 2011 14:48 UTC 08/11 2020', [ '05 October 2011 14:48 UTC', '08/11 2020' ])"," * // => 't:2011y10M05d14h48m00.000s,dt: t:2020y08M11d04h00m00.000s,dt: '"," */","function injectNormal(str, parsedArr) {","  _.each(parsedArr, function(parsed) {","    var T = util.ISOtoT(new Date(parsed).toISOString())","    str = str.replace(parsed, T)","  })","  return str;","}",""],"l":{"7":1,"8":1,"9":1,"15":1,"21":1,"41":1,"42":0,"43":0,"44":0,"47":0,"48":0,"49":0,"51":0,"52":0,"53":0,"55":0,"59":0,"62":0,"63":0,"65":0,"68":0,"84":1,"85":0,"86":0,"87":0,"88":0,"90":0,"91":0,"93":0,"95":0,"104":1,"105":0,"106":0,"108":0,"109":0,"110":0,"120":1,"123":0,"126":0,"128":0,"131":0,"134":0,"135":0,"136":0,"137":0,"139":0,"140":0,"141":0,"142":0,"143":0,"145":0,"146":0,"147":0,"149":0,"153":0,"157":0,"158":0,"159":0,"161":0,"164":0,"167":0,"171":0,"172":0,"174":0,"176":0,"179":0,"188":1,"189":0,"190":0,"192":0,"193":0,"194":0,"195":0,"197":0,"198":0,"199":0,"200":0,"202":0,"204":0,"205":0,"207":0,"210":0,"213":0,"214":0,"228":1,"229":0,"230":0,"232":0,"233":0,"234":0,"235":0,"243":1,"244":0,"246":0,"247":0,"261":1,"262":0,"263":0,"264":0,"266":0}},"/home/travis/build/npmtest/node-npmtest-date.js/node_modules/date.js/lib/util.js":{"path":"/home/travis/build/npmtest/node-npmtest-date.js/node_modules/date.js/lib/util.js","s":{"1":1,"2":1,"3":0,"4":0,"5":0,"6":1,"7":0,"8":0,"9":1,"10":1},"b":{},"f":{"1":0,"2":0},"fnMap":{"1":{"name":"ISOtoT","line":15,"loc":{"start":{"line":15,"column":0},"end":{"line":15,"column":21}}},"2":{"name":"nowT","line":26,"loc":{"start":{"line":26,"column":0},"end":{"line":26,"column":16}}}},"statementMap":{"1":{"start":{"line":5,"column":0},"end":{"line":5,"column":33}},"2":{"start":{"line":15,"column":0},"end":{"line":20,"column":1}},"3":{"start":{"line":16,"column":2},"end":{"line":16,"column":48}},"4":{"start":{"line":17,"column":2},"end":{"line":18,"column":34}},"5":{"start":{"line":19,"column":2},"end":{"line":19,"column":113}},"6":{"start":{"line":26,"column":0},"end":{"line":29,"column":1}},"7":{"start":{"line":27,"column":2},"end":{"line":27,"column":41}},"8":{"start":{"line":28,"column":2},"end":{"line":28,"column":24}},"9":{"start":{"line":32,"column":0},"end":{"line":32,"column":61}},"10":{"start":{"line":35,"column":0},"end":{"line":39,"column":1}}},"branchMap":{},"code":["/**"," * Module Dependencies"," */","","var maps = require('./maps.json')","","/**"," * Convert ISO UTC string to T format."," * @param {string} str ISO UTC date string"," *"," * @example"," * ISOtoT('2011-10-05T14:48:00.000Z')"," * // => 't:08M11d,dt:'"," */","function ISOtoT(str) {","  var datetime = str.replace('Z', '').split('T')","  var date = datetime[0].split('-'),","    time = datetime[1].split(':');","  return 't:' + date[0] + 'y' + date[1] + 'M' + date[2] + 'd' + time[0] + 'h' + time[1] + 'm' + time[2] + 's,dt:'","}","","/**"," * Convenient method to get current time in T format."," * @return {string} T format string."," */","function nowT() {","  var dateStr = new Date().toISOString();","  return ISOtoT(dateStr)","}","","// The ordering of time units, small to large","var timeUnitOrder = [\"ms\", \"s\", \"m\", \"h\", \"d\", \"w\", \"M\", \"y\"]","","","module.exports = {","  ISOtoT: ISOtoT,","  nowT: nowT,","  timeUnitOrder: timeUnitOrder,","}",""],"l":{"5":1,"15":1,"16":0,"17":0,"19":0,"26":1,"27":0,"28":0,"32":1,"35":1}},"/home/travis/build/npmtest/node-npmtest-date.js/node_modules/date.js/lib/subdash.js":{"path":"/home/travis/build/npmtest/node-npmtest-date.js/node_modules/date.js/lib/subdash.js","s":{"1":1,"2":1,"3":1,"4":1,"5":1,"6":1,"7":1},"b":{},"f":{},"fnMap":{},"statementMap":{"1":{"start":{"line":5,"column":0},"end":{"line":5,"column":47}},"2":{"start":{"line":6,"column":0},"end":{"line":6,"column":45}},"3":{"start":{"line":7,"column":0},"end":{"line":7,"column":43}},"4":{"start":{"line":8,"column":0},"end":{"line":8,"column":43}},"5":{"start":{"line":9,"column":0},"end":{"line":9,"column":41}},"6":{"start":{"line":10,"column":0},"end":{"line":10,"column":40}},"7":{"start":{"line":11,"column":0},"end":{"line":11,"column":37}}},"branchMap":{},"code":["/**"," * Use only the lodash methods that we need"," */","","exports.partition = require('lodash.partition')","exports.includes = require('lodash.includes')","exports.findKey = require('lodash.findkey')","exports.isEmpty = require('lodash.isempty')","exports.filter = require('lodash.filter')","exports.each = require('lodash.foreach')","exports.trim = require('lodash.trim')",""],"l":{"5":1,"6":1,"7":1,"8":1,"9":1,"10":1,"11":1}}}